#
# There is insufficient memory for the Java Runtime Environment to continue.
# Native memory allocation (mmap) failed to map 396361728 bytes for G1 virtual space
# Possible reasons:
#   The system is out of physical RAM or swap space
#   The process is running with CompressedOops enabled, and the Java Heap may be blocking the growth of the native heap
# Possible solutions:
#   Reduce memory load on the system
#   Increase physical memory or swap space
#   Check if swap backing store is full
#   Decrease Java heap size (-Xmx/-Xms)
#   Decrease number of Java threads
#   Decrease Java thread stack sizes (-Xss)
#   Set larger code cache with -XX:ReservedCodeCacheSize=
#   JVM is running with Zero Based Compressed Oops mode in which the Java heap is
#     placed in the first 32GB address space. The Java Heap base address is the
#     maximum limit for the native heap growth. Please use -XX:HeapBaseMinAddress
#     to set the Java Heap base and to place the Java Heap above 32GB virtual address.
# This output file may be truncated or incomplete.
#
#  Out of Memory Error (os_windows.cpp:3600), pid=22188, tid=18040
#
# JRE version: OpenJDK Runtime Environment (21.0.2+13) (build 21.0.2+13-58)
# Java VM: OpenJDK 64-Bit Server VM (21.0.2+13-58, mixed mode, emulated-client, sharing, tiered, compressed oops, compressed class ptrs, g1 gc, windows-amd64)
# No core dump will be written. Minidumps are not enabled by default on client versions of Windows
#

---------------  S U M M A R Y ------------

Command Line: -XX:TieredStopAtLevel=1 -Dspring.output.ansi.enabled=always -Dcom.sun.management.jmxremote -Dspring.jmx.enabled=true -Dspring.liveBeansView.mbeanDomain -Dspring.application.admin.enabled=true -Dmanagement.endpoints.jmx.exposure.include=* -javaagent:C:\Program Files\JetBrains\IntelliJ IDEA 2023.3.2\lib\idea_rt.jar=63932:C:\Program Files\JetBrains\IntelliJ IDEA 2023.3.2\bin -Dfile.encoding=UTF-8 -Dsun.stdout.encoding=UTF-8 -Dsun.stderr.encoding=UTF-8 vn.iostar.userservice.UserServiceApplication

Host: 13th Gen Intel(R) Core(TM) i5-13500HX, 20 cores, 15G,  Windows 11 , 64 bit Build 22621 (10.0.22621.3085)
Time: Sun Mar 10 19:03:05 2024 SE Asia Standard Time elapsed time: 7.641053 seconds (0d 0h 0m 7s)

---------------  T H R E A D  ---------------

Current thread (0x000001b5dc736060):  VMThread "VM Thread"          [id=18040, stack(0x0000000b68600000,0x0000000b68700000) (1024K)]

Stack: [0x0000000b68600000,0x0000000b68700000]
Native frames: (J=compiled Java code, j=interpreted, Vv=VM code, C=native code)
V  [jvm.dll+0x6cade9]
V  [jvm.dll+0x8569c1]
V  [jvm.dll+0x858d2e]
V  [jvm.dll+0x859413]
V  [jvm.dll+0x280e56]
V  [jvm.dll+0x6c74d5]
V  [jvm.dll+0x6bbeca]
V  [jvm.dll+0x355bca]
V  [jvm.dll+0x35d816]
V  [jvm.dll+0x3ae67e]
V  [jvm.dll+0x3ae928]
V  [jvm.dll+0x3295dc]
V  [jvm.dll+0x329667]
V  [jvm.dll+0x36df1c]
V  [jvm.dll+0x36c71d]
V  [jvm.dll+0x328d51]
V  [jvm.dll+0x36be2a]
V  [jvm.dll+0x85ef18]
V  [jvm.dll+0x860014]
V  [jvm.dll+0x860550]
V  [jvm.dll+0x8607f3]
V  [jvm.dll+0x7ff568]
V  [jvm.dll+0x6c953d]
C  [ucrtbase.dll+0x29363]
C  [KERNEL32.DLL+0x1257d]
C  [ntdll.dll+0x5aa58]

VM_Operation (0x0000000b6b7fe480): G1CollectForAllocation, mode: safepoint, requested by thread 0x000001b5e52e1e80


---------------  P R O C E S S  ---------------

Threads class SMR info:
_java_thread_list=0x000001b5e49eb2f0, length=57, elements={
0x000001b5c6a17d60, 0x000001b5dc758830, 0x000001b5dc75a600, 0x000001b5dc75c400,
0x000001b5dc75efa0, 0x000001b5dc75fc60, 0x000001b5dc762300, 0x000001b5dc763630,
0x000001b5e107a5b0, 0x000001b5e116a050, 0x000001b5e177ea90, 0x000001b5e177f350,
0x000001b5e18f3400, 0x000001b5e18fe2f0, 0x000001b5e1a4f190, 0x000001b5e1a53850,
0x000001b5e1afd9f0, 0x000001b5e2171ba0, 0x000001b5e216d360, 0x000001b5e2a37d00,
0x000001b5e2b706c0, 0x000001b5e33adaa0, 0x000001b5e33ae130, 0x000001b5e33af4e0,
0x000001b5e33ae7c0, 0x000001b5e33ac6f0, 0x000001b5e33ac060, 0x000001b5e33acd80,
0x000001b5e52e45e0, 0x000001b5e52e5990, 0x000001b5e52e3f50, 0x000001b5e52e1e80,
0x000001b5e52e3230, 0x000001b5e52e66b0, 0x000001b5e52e38c0, 0x000001b5e52e17f0,
0x000001b5e52e4c70, 0x000001b5e52e6020, 0x000001b5e52e5300, 0x000001b5e52e6d40,
0x000001b5e52e73d0, 0x000001b5e52e7a60, 0x000001b5e52e80f0, 0x000001b5e52e1160,
0x000001b5e52e8780, 0x000001b5e52beae0, 0x000001b5e52c18d0, 0x000001b5e52c4030,
0x000001b5e52bf170, 0x000001b5e52c1f60, 0x000001b5e52bfe90, 0x000001b5e52c1240,
0x000001b5e52c0520, 0x000001b5e52bd0a0, 0x000001b5e52c25f0, 0x000001b5e52bf800,
0x000001b5e52bd730
}

Java Threads: ( => current thread )
  0x000001b5c6a17d60 JavaThread "main"                              [_thread_blocked, id=7264, stack(0x0000000b67f00000,0x0000000b68000000) (1024K)]
  0x000001b5dc758830 JavaThread "Reference Handler"          daemon [_thread_blocked, id=19356, stack(0x0000000b68700000,0x0000000b68800000) (1024K)]
  0x000001b5dc75a600 JavaThread "Finalizer"                  daemon [_thread_blocked, id=10260, stack(0x0000000b68800000,0x0000000b68900000) (1024K)]
  0x000001b5dc75c400 JavaThread "Signal Dispatcher"          daemon [_thread_blocked, id=32136, stack(0x0000000b68900000,0x0000000b68a00000) (1024K)]
  0x000001b5dc75efa0 JavaThread "Attach Listener"            daemon [_thread_blocked, id=27584, stack(0x0000000b68a00000,0x0000000b68b00000) (1024K)]
  0x000001b5dc75fc60 JavaThread "Service Thread"             daemon [_thread_blocked, id=30908, stack(0x0000000b68b00000,0x0000000b68c00000) (1024K)]
  0x000001b5dc762300 JavaThread "Monitor Deflation Thread"   daemon [_thread_blocked, id=29236, stack(0x0000000b68c00000,0x0000000b68d00000) (1024K)]
  0x000001b5dc763630 JavaThread "C1 CompilerThread0"         daemon [_thread_blocked, id=20796, stack(0x0000000b68d00000,0x0000000b68e00000) (1024K)]
  0x000001b5e107a5b0 JavaThread "C1 CompilerThread1"         daemon [_thread_blocked, id=25312, stack(0x0000000b68e00000,0x0000000b68f00000) (1024K)]
  0x000001b5e116a050 JavaThread "Common-Cleaner"             daemon [_thread_blocked, id=29960, stack(0x0000000b68f00000,0x0000000b69000000) (1024K)]
  0x000001b5e177ea90 JavaThread "C1 CompilerThread2"         daemon [_thread_blocked, id=24580, stack(0x0000000b69000000,0x0000000b69100000) (1024K)]
  0x000001b5e177f350 JavaThread "C1 CompilerThread3"         daemon [_thread_blocked, id=32384, stack(0x0000000b69100000,0x0000000b69200000) (1024K)]
  0x000001b5e18f3400 JavaThread "Monitor Ctrl-Break"         daemon [_thread_in_native, id=26596, stack(0x0000000b69200000,0x0000000b69300000) (1024K)]
  0x000001b5e18fe2f0 JavaThread "Notification Thread"        daemon [_thread_blocked, id=33624, stack(0x0000000b69300000,0x0000000b69400000) (1024K)]
  0x000001b5e1a4f190 JavaThread "C1 CompilerThread4"         daemon [_thread_blocked, id=32560, stack(0x0000000b69400000,0x0000000b69500000) (1024K)]
  0x000001b5e1a53850 JavaThread "C1 CompilerThread5"         daemon [_thread_blocked, id=3976, stack(0x0000000b69500000,0x0000000b69600000) (1024K)]
  0x000001b5e1afd9f0 JavaThread "RMI TCP Accept-0"           daemon [_thread_in_native, id=31480, stack(0x0000000b69b00000,0x0000000b69c00000) (1024K)]
  0x000001b5e2171ba0 JavaThread "Thread-0"                          [_thread_blocked, id=19532, stack(0x0000000b69e00000,0x0000000b69f00000) (1024K)]
  0x000001b5e216d360 JavaThread "restartedMain"                     [_thread_blocked, id=33440, stack(0x0000000b69f00000,0x0000000b6a000000) (1024K)]
  0x000001b5e2a37d00 JavaThread "RMI TCP Connection(2)-192.168.1.54" daemon [_thread_in_native, id=27636, stack(0x0000000b6aa00000,0x0000000b6ab00000) (1024K)]
  0x000001b5e2b706c0 JavaThread "RMI Scheduler(0)"           daemon [_thread_blocked, id=4528, stack(0x0000000b6ab00000,0x0000000b6ac00000) (1024K)]
  0x000001b5e33adaa0 JavaThread "RMI TCP Connection(3)-192.168.1.54" daemon [_thread_in_native, id=33784, stack(0x0000000b6ac00000,0x0000000b6ad00000) (1024K)]
  0x000001b5e33ae130 JavaThread "Catalina-utility-1"                [_thread_blocked, id=32256, stack(0x0000000b6ad00000,0x0000000b6ae00000) (1024K)]
  0x000001b5e33af4e0 JavaThread "Catalina-utility-2"                [_thread_blocked, id=16300, stack(0x0000000b6ae00000,0x0000000b6af00000) (1024K)]
  0x000001b5e33ae7c0 JavaThread "container-0"                       [_thread_blocked, id=33628, stack(0x0000000b6af00000,0x0000000b6b000000) (1024K)]
  0x000001b5e33ac6f0 JavaThread "mssql-jdbc-shared-timer-core-0" daemon [_thread_blocked, id=28708, stack(0x0000000b6b100000,0x0000000b6b200000) (1024K)]
  0x000001b5e33ac060 JavaThread "HikariPool-1 housekeeper"   daemon [_thread_blocked, id=31656, stack(0x0000000b6b200000,0x0000000b6b300000) (1024K)]
  0x000001b5e33acd80 JavaThread "HikariPool-1 connection adder" daemon [_thread_blocked, id=33632, stack(0x0000000b6b300000,0x0000000b6b400000) (1024K)]
  0x000001b5e52e45e0 JavaThread "ClassGraph-worker-174"      daemon [_thread_blocked, id=29196, stack(0x0000000b6b400000,0x0000000b6b500000) (1024K)]
  0x000001b5e52e5990 JavaThread "ClassGraph-worker-175"      daemon [_thread_blocked, id=27400, stack(0x0000000b6b500000,0x0000000b6b600000) (1024K)]
  0x000001b5e52e3f50 JavaThread "ClassGraph-worker-176"      daemon [_thread_blocked, id=31416, stack(0x0000000b6b600000,0x0000000b6b700000) (1024K)]
  0x000001b5e52e1e80 JavaThread "ClassGraph-worker-177"      daemon [_thread_blocked, id=28696, stack(0x0000000b6b700000,0x0000000b6b800000) (1024K)]
  0x000001b5e52e3230 JavaThread "ClassGraph-worker-178"      daemon [_thread_blocked, id=30936, stack(0x0000000b6b800000,0x0000000b6b900000) (1024K)]
  0x000001b5e52e66b0 JavaThread "ClassGraph-worker-179"      daemon [_thread_blocked, id=31688, stack(0x0000000b6b900000,0x0000000b6ba00000) (1024K)]
  0x000001b5e52e38c0 JavaThread "ClassGraph-worker-180"      daemon [_thread_blocked, id=30340, stack(0x0000000b6ba00000,0x0000000b6bb00000) (1024K)]
  0x000001b5e52e17f0 JavaThread "ClassGraph-worker-181"      daemon [_thread_blocked, id=12728, stack(0x0000000b6bb00000,0x0000000b6bc00000) (1024K)]
  0x000001b5e52e4c70 JavaThread "ClassGraph-worker-182"      daemon [_thread_blocked, id=496, stack(0x0000000b6bc00000,0x0000000b6bd00000) (1024K)]
  0x000001b5e52e6020 JavaThread "ClassGraph-worker-183"      daemon [_thread_blocked, id=32808, stack(0x0000000b6bd00000,0x0000000b6be00000) (1024K)]
  0x000001b5e52e5300 JavaThread "ClassGraph-worker-184"      daemon [_thread_blocked, id=10988, stack(0x0000000b6be00000,0x0000000b6bf00000) (1024K)]
  0x000001b5e52e6d40 JavaThread "ClassGraph-worker-185"      daemon [_thread_blocked, id=22204, stack(0x0000000b6bf00000,0x0000000b6c000000) (1024K)]
  0x000001b5e52e73d0 JavaThread "ClassGraph-worker-186"      daemon [_thread_blocked, id=9916, stack(0x0000000b6c000000,0x0000000b6c100000) (1024K)]
  0x000001b5e52e7a60 JavaThread "ClassGraph-worker-187"      daemon [_thread_blocked, id=30996, stack(0x0000000b6c100000,0x0000000b6c200000) (1024K)]
  0x000001b5e52e80f0 JavaThread "ClassGraph-worker-188"      daemon [_thread_blocked, id=22960, stack(0x0000000b6c200000,0x0000000b6c300000) (1024K)]
  0x000001b5e52e1160 JavaThread "ClassGraph-worker-189"      daemon [_thread_blocked, id=30932, stack(0x0000000b6c300000,0x0000000b6c400000) (1024K)]
  0x000001b5e52e8780 JavaThread "ClassGraph-worker-190"      daemon [_thread_blocked, id=31216, stack(0x0000000b6c400000,0x0000000b6c500000) (1024K)]
  0x000001b5e52beae0 JavaThread "ClassGraph-worker-191"      daemon [_thread_blocked, id=31584, stack(0x0000000b6c500000,0x0000000b6c600000) (1024K)]
  0x000001b5e52c18d0 JavaThread "ClassGraph-worker-192"      daemon [_thread_blocked, id=4496, stack(0x0000000b6c600000,0x0000000b6c700000) (1024K)]
  0x000001b5e52c4030 JavaThread "ClassGraph-worker-193"      daemon [_thread_blocked, id=29024, stack(0x0000000b6c700000,0x0000000b6c800000) (1024K)]
  0x000001b5e52bf170 JavaThread "ClassGraph-worker-194"      daemon [_thread_blocked, id=33396, stack(0x0000000b6c800000,0x0000000b6c900000) (1024K)]
  0x000001b5e52c1f60 JavaThread "ClassGraph-worker-195"      daemon [_thread_blocked, id=19828, stack(0x0000000b6c900000,0x0000000b6ca00000) (1024K)]
  0x000001b5e52bfe90 JavaThread "ClassGraph-worker-196"      daemon [_thread_blocked, id=13360, stack(0x0000000b6ca00000,0x0000000b6cb00000) (1024K)]
  0x000001b5e52c1240 JavaThread "ClassGraph-worker-197"      daemon [_thread_blocked, id=16936, stack(0x0000000b6cb00000,0x0000000b6cc00000) (1024K)]
  0x000001b5e52c0520 JavaThread "ClassGraph-worker-198"      daemon [_thread_blocked, id=4308, stack(0x0000000b6cc00000,0x0000000b6cd00000) (1024K)]
  0x000001b5e52bd0a0 JavaThread "ClassGraph-worker-199"      daemon [_thread_blocked, id=32488, stack(0x0000000b6cd00000,0x0000000b6ce00000) (1024K)]
  0x000001b5e52c25f0 JavaThread "ClassGraph-worker-200"      daemon [_thread_blocked, id=7440, stack(0x0000000b6ce00000,0x0000000b6cf00000) (1024K)]
  0x000001b5e52bf800 JavaThread "ClassGraph-worker-201"      daemon [_thread_blocked, id=32064, stack(0x0000000b6cf00000,0x0000000b6d000000) (1024K)]
  0x000001b5e52bd730 JavaThread "ClassGraph-worker-202"      daemon [_thread_blocked, id=1464, stack(0x0000000b6d000000,0x0000000b6d100000) (1024K)]
Total: 57

Other Threads:
=>0x000001b5dc736060 VMThread "VM Thread"                           [id=18040, stack(0x0000000b68600000,0x0000000b68700000) (1024K)]
  0x000001b5dc71f0f0 WatcherThread "VM Periodic Task Thread"        [id=28204, stack(0x0000000b68500000,0x0000000b68600000) (1024K)]
  0x000001b5c6ace6f0 WorkerThread "GC Thread#0"                     [id=4820, stack(0x0000000b68000000,0x0000000b68100000) (1024K)]
  0x000001b5e1a6df80 WorkerThread "GC Thread#1"                     [id=32388, stack(0x0000000b69600000,0x0000000b69700000) (1024K)]
  0x000001b5e1a6e320 WorkerThread "GC Thread#2"                     [id=20476, stack(0x0000000b69700000,0x0000000b69800000) (1024K)]
  0x000001b5e1a6eed0 WorkerThread "GC Thread#3"                     [id=31392, stack(0x0000000b69800000,0x0000000b69900000) (1024K)]
  0x000001b5e1a6f270 WorkerThread "GC Thread#4"                     [id=33492, stack(0x0000000b69900000,0x0000000b69a00000) (1024K)]
  0x000001b5e1a72c40 WorkerThread "GC Thread#5"                     [id=33740, stack(0x0000000b69a00000,0x0000000b69b00000) (1024K)]
  0x000001b5e2183860 WorkerThread "GC Thread#6"                     [id=27480, stack(0x0000000b69c00000,0x0000000b69d00000) (1024K)]
  0x000001b5e2183c00 WorkerThread "GC Thread#7"                     [id=32792, stack(0x0000000b69d00000,0x0000000b69e00000) (1024K)]
  0x000001b5e2375e80 WorkerThread "GC Thread#8"                     [id=7464, stack(0x0000000b6a000000,0x0000000b6a100000) (1024K)]
  0x000001b5e28b4b50 WorkerThread "GC Thread#9"                     [id=33264, stack(0x0000000b6a400000,0x0000000b6a500000) (1024K)]
  0x000001b5e28b47b0 WorkerThread "GC Thread#10"                    [id=31564, stack(0x0000000b6a500000,0x0000000b6a600000) (1024K)]
  0x000001b5e28b3cd0 WorkerThread "GC Thread#11"                    [id=4208, stack(0x0000000b6a600000,0x0000000b6a700000) (1024K)]
  0x000001b5e28b4410 WorkerThread "GC Thread#12"                    [id=18552, stack(0x0000000b6a700000,0x0000000b6a800000) (1024K)]
  0x000001b5e28b6f90 WorkerThread "GC Thread#13"                    [id=21732, stack(0x0000000b6a800000,0x0000000b6a900000) (1024K)]
  0x000001b5e28b6bf0 WorkerThread "GC Thread#14"                    [id=18460, stack(0x0000000b6a900000,0x0000000b6aa00000) (1024K)]
  0x000001b5c8dce740 ConcurrentGCThread "G1 Main Marker"            [id=30384, stack(0x0000000b68100000,0x0000000b68200000) (1024K)]
  0x000001b5c8dcf200 WorkerThread "G1 Conc#0"                       [id=33716, stack(0x0000000b68200000,0x0000000b68300000) (1024K)]
  0x000001b5e2357100 WorkerThread "G1 Conc#1"                       [id=31664, stack(0x0000000b6a100000,0x0000000b6a200000) (1024K)]
  0x000001b5e236d530 WorkerThread "G1 Conc#2"                       [id=27068, stack(0x0000000b6a200000,0x0000000b6a300000) (1024K)]
  0x000001b5e236d8d0 WorkerThread "G1 Conc#3"                       [id=23124, stack(0x0000000b6a300000,0x0000000b6a400000) (1024K)]
  0x000001b5dc5f1bd0 ConcurrentGCThread "G1 Refine#0"               [id=33516, stack(0x0000000b68300000,0x0000000b68400000) (1024K)]
  0x000001b5dc5f2740 ConcurrentGCThread "G1 Service"                [id=4432, stack(0x0000000b68400000,0x0000000b68500000) (1024K)]
Total: 24

Threads with active compile tasks:
Total: 0

VM state: at safepoint (normal execution)

VM Mutex/Monitor currently owned by a thread:  ([mutex/lock_event])
[0x00007ffaf0e7cd68] Threads_lock - owner thread: 0x000001b5dc736060
[0x00007ffaf0e7ce68] Heap_lock - owner thread: 0x000001b5e52e1e80

Heap address: 0x0000000704600000, size: 4026 MB, Compressed Oops mode: Zero based, Oop shift amount: 3

CDS archive(s) mapped at: [0x000001b580000000-0x000001b580c90000-0x000001b580c90000), size 13172736, SharedBaseAddress: 0x000001b580000000, ArchiveRelocationMode: 1.
Compressed class space mapped at: 0x000001b581000000-0x000001b5c1000000, reserved size: 1073741824
Narrow klass base: 0x000001b580000000, Narrow klass shift: 0, Narrow klass range: 0x100000000

GC Precious Log:
 CardTable entry size: 512
 Card Set container configuration: InlinePtr #cards 4 size 8 Array Of Cards #cards 16 size 48 Howl #buckets 8 coarsen threshold 3686 Howl Bitmap #cards 512 size 80 coarsen threshold 460 Card regions per heap region 1 cards per card region 4096
 CPUs: 20 total, 20 available
 Memory: 16103M
 Large Page Support: Disabled
 NUMA Support: Disabled
 Compressed Oops: Enabled (Zero based)
 Heap Region Size: 2M
 Heap Min Capacity: 8M
 Heap Initial Capacity: 252M
 Heap Max Capacity: 4026M
 Pre-touch: Disabled
 Parallel Workers: 15
 Concurrent Workers: 4
 Concurrent Refinement Workers: 15
 Periodic GC: Disabled

Heap:
 garbage-first heap   total 258048K, used 136125K [0x0000000704600000, 0x0000000800000000)
  region size 2048K, 5 young (10240K), 5 survivors (10240K)
 Metaspace       used 82899K, committed 83776K, reserved 1179648K
  class space    used 11876K, committed 12288K, reserved 1048576K

Heap Regions: E=young(eden), S=young(survivor), O=old, HS=humongous(starts), HC=humongous(continues), CS=collection set, F=free, TAMS=top-at-mark-start, PB=parsable bottom
|   0|0x0000000704600000, 0x0000000704800000, 0x0000000704800000|100%| O|  |TAMS 0x0000000704600000| PB 0x0000000704600000| Untracked 
|   1|0x0000000704800000, 0x0000000704a00000, 0x0000000704a00000|100%| O|  |TAMS 0x0000000704800000| PB 0x0000000704800000| Untracked 
|   2|0x0000000704a00000, 0x0000000704c00000, 0x0000000704c00000|100%| O|  |TAMS 0x0000000704a00000| PB 0x0000000704a00000| Untracked 
|   3|0x0000000704c00000, 0x0000000704e00000, 0x0000000704e00000|100%| O|  |TAMS 0x0000000704c00000| PB 0x0000000704c00000| Untracked 
|   4|0x0000000704e00000, 0x0000000705000000, 0x0000000705000000|100%| O|  |TAMS 0x0000000704e00000| PB 0x0000000704e00000| Untracked 
|   5|0x0000000705000000, 0x0000000705200000, 0x0000000705200000|100%| O|  |TAMS 0x0000000705000000| PB 0x0000000705000000| Untracked 
|   6|0x0000000705200000, 0x0000000705400000, 0x0000000705400000|100%| O|  |TAMS 0x0000000705200000| PB 0x0000000705200000| Untracked 
|   7|0x0000000705400000, 0x0000000705600000, 0x0000000705600000|100%| O|  |TAMS 0x0000000705400000| PB 0x0000000705400000| Untracked 
|   8|0x0000000705600000, 0x0000000705800000, 0x0000000705800000|100%| O|  |TAMS 0x0000000705600000| PB 0x0000000705600000| Untracked 
|   9|0x0000000705800000, 0x0000000705a00000, 0x0000000705a00000|100%| O|  |TAMS 0x0000000705800000| PB 0x0000000705800000| Untracked 
|  10|0x0000000705a00000, 0x0000000705c00000, 0x0000000705c00000|100%| O|  |TAMS 0x0000000705a00000| PB 0x0000000705a00000| Untracked 
|  11|0x0000000705c00000, 0x0000000705e00000, 0x0000000705e00000|100%| O|  |TAMS 0x0000000705c00000| PB 0x0000000705c00000| Untracked 
|  12|0x0000000705e00000, 0x0000000706000000, 0x0000000706000000|100%| O|  |TAMS 0x0000000705e00000| PB 0x0000000705e00000| Untracked 
|  13|0x0000000706000000, 0x0000000706200000, 0x0000000706200000|100%| O|  |TAMS 0x0000000706000000| PB 0x0000000706000000| Untracked 
|  14|0x0000000706200000, 0x0000000706400000, 0x0000000706400000|100%| O|  |TAMS 0x0000000706200000| PB 0x0000000706200000| Untracked 
|  15|0x0000000706400000, 0x0000000706600000, 0x0000000706600000|100%| O|  |TAMS 0x0000000706400000| PB 0x0000000706400000| Untracked 
|  16|0x0000000706600000, 0x0000000706800000, 0x0000000706800000|100%| O|  |TAMS 0x0000000706600000| PB 0x0000000706600000| Untracked 
|  17|0x0000000706800000, 0x0000000706a00000, 0x0000000706a00000|100%| O|  |TAMS 0x0000000706800000| PB 0x0000000706800000| Untracked 
|  18|0x0000000706a00000, 0x0000000706c00000, 0x0000000706c00000|100%| O|  |TAMS 0x0000000706a00000| PB 0x0000000706a00000| Untracked 
|  19|0x0000000706c00000, 0x0000000706e00000, 0x0000000706e00000|100%| O|  |TAMS 0x0000000706c00000| PB 0x0000000706c00000| Untracked 
|  20|0x0000000706e00000, 0x0000000707000000, 0x0000000707000000|100%| O|  |TAMS 0x0000000706e00000| PB 0x0000000706e00000| Untracked 
|  21|0x0000000707000000, 0x0000000707200000, 0x0000000707200000|100%| O|  |TAMS 0x0000000707000000| PB 0x0000000707000000| Untracked 
|  22|0x0000000707200000, 0x0000000707400000, 0x0000000707400000|100%| O|  |TAMS 0x0000000707200000| PB 0x0000000707200000| Untracked 
|  23|0x0000000707400000, 0x0000000707600000, 0x0000000707600000|100%| O|  |TAMS 0x0000000707400000| PB 0x0000000707400000| Untracked 
|  24|0x0000000707600000, 0x0000000707800000, 0x0000000707800000|100%| O|  |TAMS 0x0000000707600000| PB 0x0000000707600000| Untracked 
|  25|0x0000000707800000, 0x0000000707a00000, 0x0000000707a00000|100%| O|  |TAMS 0x0000000707800000| PB 0x0000000707800000| Untracked 
|  26|0x0000000707a00000, 0x0000000707c00000, 0x0000000707c00000|100%| O|  |TAMS 0x0000000707a00000| PB 0x0000000707a00000| Untracked 
|  27|0x0000000707c00000, 0x0000000707e00000, 0x0000000707e00000|100%| O|  |TAMS 0x0000000707c00000| PB 0x0000000707c00000| Untracked 
|  28|0x0000000707e00000, 0x0000000708000000, 0x0000000708000000|100%| O|  |TAMS 0x0000000707e00000| PB 0x0000000707e00000| Untracked 
|  29|0x0000000708000000, 0x0000000708200000, 0x0000000708200000|100%| O|  |TAMS 0x0000000708000000| PB 0x0000000708000000| Untracked 
|  30|0x0000000708200000, 0x0000000708200000, 0x0000000708400000|  0%| F|  |TAMS 0x0000000708200000| PB 0x0000000708200000| Untracked 
|  31|0x0000000708400000, 0x0000000708600000, 0x0000000708600000|100%| O|  |TAMS 0x0000000708400000| PB 0x0000000708400000| Untracked 
|  32|0x0000000708600000, 0x0000000708800000, 0x0000000708800000|100%| O|  |TAMS 0x0000000708600000| PB 0x0000000708600000| Untracked 
|  33|0x0000000708800000, 0x0000000708a00000, 0x0000000708a00000|100%| O|  |TAMS 0x0000000708800000| PB 0x0000000708800000| Untracked 
|  34|0x0000000708a00000, 0x0000000708c00000, 0x0000000708c00000|100%| O|  |TAMS 0x0000000708a00000| PB 0x0000000708a00000| Untracked 
|  35|0x0000000708c00000, 0x0000000708e00000, 0x0000000708e00000|100%| O|  |TAMS 0x0000000708c00000| PB 0x0000000708c00000| Untracked 
|  36|0x0000000708e00000, 0x0000000709000000, 0x0000000709000000|100%| O|  |TAMS 0x0000000708e00000| PB 0x0000000708e00000| Untracked 
|  37|0x0000000709000000, 0x0000000709200000, 0x0000000709200000|100%| O|  |TAMS 0x0000000709000000| PB 0x0000000709000000| Untracked 
|  38|0x0000000709200000, 0x0000000709200000, 0x0000000709400000|  0%| F|  |TAMS 0x0000000709200000| PB 0x0000000709200000| Untracked 
|  39|0x0000000709400000, 0x0000000709600000, 0x0000000709600000|100%| O|  |TAMS 0x0000000709400000| PB 0x0000000709400000| Untracked 
|  40|0x0000000709600000, 0x0000000709800000, 0x0000000709800000|100%| O|  |TAMS 0x0000000709600000| PB 0x0000000709600000| Untracked 
|  41|0x0000000709800000, 0x0000000709a00000, 0x0000000709a00000|100%| O|  |TAMS 0x0000000709800000| PB 0x0000000709800000| Untracked 
|  42|0x0000000709a00000, 0x0000000709c00000, 0x0000000709c00000|100%| O|  |TAMS 0x0000000709a00000| PB 0x0000000709a00000| Untracked 
|  43|0x0000000709c00000, 0x0000000709e00000, 0x0000000709e00000|100%| O|  |TAMS 0x0000000709c00000| PB 0x0000000709c00000| Untracked 
|  44|0x0000000709e00000, 0x000000070a000000, 0x000000070a000000|100%| O|  |TAMS 0x0000000709e00000| PB 0x0000000709e00000| Untracked 
|  45|0x000000070a000000, 0x000000070a200000, 0x000000070a200000|100%| O|  |TAMS 0x000000070a000000| PB 0x000000070a000000| Untracked 
|  46|0x000000070a200000, 0x000000070a400000, 0x000000070a400000|100%| O|  |TAMS 0x000000070a200000| PB 0x000000070a200000| Untracked 
|  47|0x000000070a400000, 0x000000070a600000, 0x000000070a600000|100%| O|  |TAMS 0x000000070a400000| PB 0x000000070a400000| Untracked 
|  48|0x000000070a600000, 0x000000070a800000, 0x000000070a800000|100%| O|  |TAMS 0x000000070a600000| PB 0x000000070a600000| Untracked 
|  49|0x000000070a800000, 0x000000070aa00000, 0x000000070aa00000|100%| O|  |TAMS 0x000000070a800000| PB 0x000000070a800000| Untracked 
|  50|0x000000070aa00000, 0x000000070ac00000, 0x000000070ac00000|100%| O|  |TAMS 0x000000070aa00000| PB 0x000000070aa00000| Untracked 
|  51|0x000000070ac00000, 0x000000070ae00000, 0x000000070ae00000|100%| O|  |TAMS 0x000000070ac00000| PB 0x000000070ac00000| Untracked 
|  52|0x000000070ae00000, 0x000000070b000000, 0x000000070b000000|100%| O|  |TAMS 0x000000070ae00000| PB 0x000000070ae00000| Untracked 
|  53|0x000000070b000000, 0x000000070b200000, 0x000000070b200000|100%| O|  |TAMS 0x000000070b000000| PB 0x000000070b000000| Untracked 
|  54|0x000000070b200000, 0x000000070b400000, 0x000000070b400000|100%| O|  |TAMS 0x000000070b200000| PB 0x000000070b200000| Untracked 
|  55|0x000000070b400000, 0x000000070b600000, 0x000000070b600000|100%| O|  |TAMS 0x000000070b400000| PB 0x000000070b400000| Untracked 
|  56|0x000000070b600000, 0x000000070b800000, 0x000000070b800000|100%| O|  |TAMS 0x000000070b600000| PB 0x000000070b600000| Untracked 
|  57|0x000000070b800000, 0x000000070ba00000, 0x000000070ba00000|100%| O|  |TAMS 0x000000070b800000| PB 0x000000070b800000| Untracked 
|  58|0x000000070ba00000, 0x000000070bc00000, 0x000000070bc00000|100%| O|  |TAMS 0x000000070ba00000| PB 0x000000070ba00000| Untracked 
|  59|0x000000070bc00000, 0x000000070be00000, 0x000000070be00000|100%| O|  |TAMS 0x000000070bc00000| PB 0x000000070bc00000| Untracked 
|  60|0x000000070be00000, 0x000000070c000000, 0x000000070c000000|100%| O|  |TAMS 0x000000070be00000| PB 0x000000070be00000| Untracked 
|  61|0x000000070c000000, 0x000000070c200000, 0x000000070c200000|100%| O|  |TAMS 0x000000070c000000| PB 0x000000070c000000| Untracked 
|  62|0x000000070c200000, 0x000000070c400000, 0x000000070c400000|100%| O|  |TAMS 0x000000070c200000| PB 0x000000070c200000| Untracked 
|  63|0x000000070c400000, 0x000000070c4ef5c0, 0x000000070c600000| 46%| O|  |TAMS 0x000000070c400000| PB 0x000000070c400000| Untracked 
|  64|0x000000070c600000, 0x000000070c600000, 0x000000070c800000|  0%| F|  |TAMS 0x000000070c600000| PB 0x000000070c600000| Untracked 
|  65|0x000000070c800000, 0x000000070c800000, 0x000000070ca00000|  0%| F|  |TAMS 0x000000070c800000| PB 0x000000070c800000| Untracked 
|  66|0x000000070ca00000, 0x000000070ca00000, 0x000000070cc00000|  0%| F|  |TAMS 0x000000070ca00000| PB 0x000000070ca00000| Untracked 
|  67|0x000000070cc00000, 0x000000070cc00000, 0x000000070ce00000|  0%| F|  |TAMS 0x000000070cc00000| PB 0x000000070cc00000| Untracked 
|  68|0x000000070ce00000, 0x000000070ce00000, 0x000000070d000000|  0%| F|  |TAMS 0x000000070ce00000| PB 0x000000070ce00000| Untracked 
|  69|0x000000070d000000, 0x000000070d000000, 0x000000070d200000|  0%| F|  |TAMS 0x000000070d000000| PB 0x000000070d000000| Untracked 
|  70|0x000000070d200000, 0x000000070d200000, 0x000000070d400000|  0%| F|  |TAMS 0x000000070d200000| PB 0x000000070d200000| Untracked 
|  71|0x000000070d400000, 0x000000070d400000, 0x000000070d600000|  0%| F|  |TAMS 0x000000070d400000| PB 0x000000070d400000| Untracked 
|  72|0x000000070d600000, 0x000000070d600000, 0x000000070d800000|  0%| F|  |TAMS 0x000000070d600000| PB 0x000000070d600000| Untracked 
|  73|0x000000070d800000, 0x000000070d800000, 0x000000070da00000|  0%| F|  |TAMS 0x000000070d800000| PB 0x000000070d800000| Untracked 
|  74|0x000000070da00000, 0x000000070dc00000, 0x000000070dc00000|100%| S|CS|TAMS 0x000000070da00000| PB 0x000000070da00000| Complete 
|  75|0x000000070dc00000, 0x000000070de00000, 0x000000070de00000|100%| S|CS|TAMS 0x000000070dc00000| PB 0x000000070dc00000| Complete 
|  76|0x000000070de00000, 0x000000070e000000, 0x000000070e000000|100%| S|CS|TAMS 0x000000070de00000| PB 0x000000070de00000| Complete 
|  77|0x000000070e000000, 0x000000070e200000, 0x000000070e200000|100%| S|CS|TAMS 0x000000070e000000| PB 0x000000070e000000| Complete 
|  78|0x000000070e200000, 0x000000070e400000, 0x000000070e400000|100%| S|CS|TAMS 0x000000070e200000| PB 0x000000070e200000| Complete 
|  79|0x000000070e400000, 0x000000070e400000, 0x000000070e600000|  0%| F|  |TAMS 0x000000070e400000| PB 0x000000070e400000| Untracked 
|  80|0x000000070e600000, 0x000000070e600000, 0x000000070e800000|  0%| F|  |TAMS 0x000000070e600000| PB 0x000000070e600000| Untracked 
|  81|0x000000070e800000, 0x000000070e800000, 0x000000070ea00000|  0%| F|  |TAMS 0x000000070e800000| PB 0x000000070e800000| Untracked 
|  82|0x000000070ea00000, 0x000000070ea00000, 0x000000070ec00000|  0%| F|  |TAMS 0x000000070ea00000| PB 0x000000070ea00000| Untracked 
|  83|0x000000070ec00000, 0x000000070ec00000, 0x000000070ee00000|  0%| F|  |TAMS 0x000000070ec00000| PB 0x000000070ec00000| Untracked 
|  84|0x000000070ee00000, 0x000000070ee00000, 0x000000070f000000|  0%| F|  |TAMS 0x000000070ee00000| PB 0x000000070ee00000| Untracked 
|  85|0x000000070f000000, 0x000000070f000000, 0x000000070f200000|  0%| F|  |TAMS 0x000000070f000000| PB 0x000000070f000000| Untracked 
|  86|0x000000070f200000, 0x000000070f200000, 0x000000070f400000|  0%| F|  |TAMS 0x000000070f200000| PB 0x000000070f200000| Untracked 
|  87|0x000000070f400000, 0x000000070f400000, 0x000000070f600000|  0%| F|  |TAMS 0x000000070f400000| PB 0x000000070f400000| Untracked 
|  88|0x000000070f600000, 0x000000070f600000, 0x000000070f800000|  0%| F|  |TAMS 0x000000070f600000| PB 0x000000070f600000| Untracked 
|  89|0x000000070f800000, 0x000000070f800000, 0x000000070fa00000|  0%| F|  |TAMS 0x000000070f800000| PB 0x000000070f800000| Untracked 
|  90|0x000000070fa00000, 0x000000070fa00000, 0x000000070fc00000|  0%| F|  |TAMS 0x000000070fa00000| PB 0x000000070fa00000| Untracked 
|  91|0x000000070fc00000, 0x000000070fc00000, 0x000000070fe00000|  0%| F|  |TAMS 0x000000070fc00000| PB 0x000000070fc00000| Untracked 
|  92|0x000000070fe00000, 0x000000070fe00000, 0x0000000710000000|  0%| F|  |TAMS 0x000000070fe00000| PB 0x000000070fe00000| Untracked 
|  93|0x0000000710000000, 0x0000000710000000, 0x0000000710200000|  0%| F|  |TAMS 0x0000000710000000| PB 0x0000000710000000| Untracked 
|  94|0x0000000710200000, 0x0000000710200000, 0x0000000710400000|  0%| F|  |TAMS 0x0000000710200000| PB 0x0000000710200000| Untracked 
|  95|0x0000000710400000, 0x0000000710400000, 0x0000000710600000|  0%| F|  |TAMS 0x0000000710400000| PB 0x0000000710400000| Untracked 
|  96|0x0000000710600000, 0x0000000710600000, 0x0000000710800000|  0%| F|  |TAMS 0x0000000710600000| PB 0x0000000710600000| Untracked 
|  97|0x0000000710800000, 0x0000000710800000, 0x0000000710a00000|  0%| F|  |TAMS 0x0000000710800000| PB 0x0000000710800000| Untracked 
|  98|0x0000000710a00000, 0x0000000710a00000, 0x0000000710c00000|  0%| F|  |TAMS 0x0000000710a00000| PB 0x0000000710a00000| Untracked 
|  99|0x0000000710c00000, 0x0000000710c00000, 0x0000000710e00000|  0%| F|  |TAMS 0x0000000710c00000| PB 0x0000000710c00000| Untracked 
| 100|0x0000000710e00000, 0x0000000710e00000, 0x0000000711000000|  0%| F|  |TAMS 0x0000000710e00000| PB 0x0000000710e00000| Untracked 
| 101|0x0000000711000000, 0x0000000711000000, 0x0000000711200000|  0%| F|  |TAMS 0x0000000711000000| PB 0x0000000711000000| Untracked 
| 102|0x0000000711200000, 0x0000000711200000, 0x0000000711400000|  0%| F|  |TAMS 0x0000000711200000| PB 0x0000000711200000| Untracked 
| 103|0x0000000711400000, 0x0000000711400000, 0x0000000711600000|  0%| F|  |TAMS 0x0000000711400000| PB 0x0000000711400000| Untracked 
| 104|0x0000000711600000, 0x0000000711600000, 0x0000000711800000|  0%| F|  |TAMS 0x0000000711600000| PB 0x0000000711600000| Untracked 
| 105|0x0000000711800000, 0x0000000711800000, 0x0000000711a00000|  0%| F|  |TAMS 0x0000000711800000| PB 0x0000000711800000| Untracked 
| 106|0x0000000711a00000, 0x0000000711a00000, 0x0000000711c00000|  0%| F|  |TAMS 0x0000000711a00000| PB 0x0000000711a00000| Untracked 
| 107|0x0000000711c00000, 0x0000000711c00000, 0x0000000711e00000|  0%| F|  |TAMS 0x0000000711c00000| PB 0x0000000711c00000| Untracked 
| 108|0x0000000711e00000, 0x0000000711e00000, 0x0000000712000000|  0%| F|  |TAMS 0x0000000711e00000| PB 0x0000000711e00000| Untracked 
| 109|0x0000000712000000, 0x0000000712000000, 0x0000000712200000|  0%| F|  |TAMS 0x0000000712000000| PB 0x0000000712000000| Untracked 
| 110|0x0000000712200000, 0x0000000712200000, 0x0000000712400000|  0%| F|  |TAMS 0x0000000712200000| PB 0x0000000712200000| Untracked 
| 111|0x0000000712400000, 0x0000000712400000, 0x0000000712600000|  0%| F|  |TAMS 0x0000000712400000| PB 0x0000000712400000| Untracked 
| 112|0x0000000712600000, 0x0000000712600000, 0x0000000712800000|  0%| F|  |TAMS 0x0000000712600000| PB 0x0000000712600000| Untracked 
| 113|0x0000000712800000, 0x0000000712800000, 0x0000000712a00000|  0%| F|  |TAMS 0x0000000712800000| PB 0x0000000712800000| Untracked 
| 114|0x0000000712a00000, 0x0000000712a00000, 0x0000000712c00000|  0%| F|  |TAMS 0x0000000712a00000| PB 0x0000000712a00000| Untracked 
| 115|0x0000000712c00000, 0x0000000712c00000, 0x0000000712e00000|  0%| F|  |TAMS 0x0000000712c00000| PB 0x0000000712c00000| Untracked 
| 116|0x0000000712e00000, 0x0000000712e00000, 0x0000000713000000|  0%| F|  |TAMS 0x0000000712e00000| PB 0x0000000712e00000| Untracked 
| 117|0x0000000713000000, 0x0000000713000000, 0x0000000713200000|  0%| F|  |TAMS 0x0000000713000000| PB 0x0000000713000000| Untracked 
| 118|0x0000000713200000, 0x0000000713200000, 0x0000000713400000|  0%| F|  |TAMS 0x0000000713200000| PB 0x0000000713200000| Untracked 
| 119|0x0000000713400000, 0x0000000713400000, 0x0000000713600000|  0%| F|  |TAMS 0x0000000713400000| PB 0x0000000713400000| Untracked 
| 120|0x0000000713600000, 0x0000000713600000, 0x0000000713800000|  0%| F|  |TAMS 0x0000000713600000| PB 0x0000000713600000| Untracked 
| 121|0x0000000713800000, 0x0000000713800000, 0x0000000713a00000|  0%| F|  |TAMS 0x0000000713800000| PB 0x0000000713800000| Untracked 
| 122|0x0000000713a00000, 0x0000000713a00000, 0x0000000713c00000|  0%| F|  |TAMS 0x0000000713a00000| PB 0x0000000713a00000| Untracked 
| 123|0x0000000713c00000, 0x0000000713c00000, 0x0000000713e00000|  0%| F|  |TAMS 0x0000000713c00000| PB 0x0000000713c00000| Untracked 
| 124|0x0000000713e00000, 0x0000000713e00000, 0x0000000714000000|  0%| F|  |TAMS 0x0000000713e00000| PB 0x0000000713e00000| Untracked 
| 125|0x0000000714000000, 0x0000000714000000, 0x0000000714200000|  0%| F|  |TAMS 0x0000000714000000| PB 0x0000000714000000| Untracked 

Card table byte_map: [0x000001b5d51f0000,0x000001b5d59d0000] _byte_map_base: 0x000001b5d19cd000

Marking Bits: (CMBitMap*) 0x000001b5c8dbe2d0
 Bits: [0x000001b5d59d0000, 0x000001b5d98b8000)

Polling page: 0x000001b5c6990000

Metaspace:

Usage:
  Non-class:     69.36 MB used.
      Class:     11.60 MB used.
       Both:     80.96 MB used.

Virtual space:
  Non-class space:      128.00 MB reserved,      69.81 MB ( 55%) committed,  2 nodes.
      Class space:        1.00 GB reserved,      12.00 MB (  1%) committed,  1 nodes.
             Both:        1.12 GB reserved,      81.81 MB (  7%) committed. 

Chunk freelists:
   Non-Class:  9.59 MB
       Class:  4.03 MB
        Both:  13.62 MB

MaxMetaspaceSize: unlimited
CompressedClassSpaceSize: 1.00 GB
Initial GC threshold: 21.00 MB
Current GC threshold: 136.25 MB
CDS: on
 - commit_granule_bytes: 65536.
 - commit_granule_words: 8192.
 - virtual_space_node_default_size: 8388608.
 - enlarge_chunks_in_place: 1.
 - use_allocation_guard: 0.


Internal statistics:

num_allocs_failed_limit: 12.
num_arena_births: 1274.
num_arena_deaths: 6.
num_vsnodes_births: 3.
num_vsnodes_deaths: 0.
num_space_committed: 1309.
num_space_uncommitted: 0.
num_chunks_returned_to_freelist: 21.
num_chunks_taken_from_freelist: 4222.
num_chunk_merges: 12.
num_chunk_splits: 3050.
num_chunks_enlarged: 2343.
num_inconsistent_stats: 0.

CodeCache: size=49152Kb used=16050Kb max_used=17257Kb free=33101Kb
 bounds [0x000001b5d1190000, 0x000001b5d2270000, 0x000001b5d4190000]
 total_blobs=7609 nmethods=6842 adapters=685
 compilation: enabled
              stopped_count=0, restarted_count=0
 full_count=0

Compilation events (20 events):
Event: 7.583 Thread 0x000001b5e177f350 8841       1       java.security.AccessControlContext::optimize (319 bytes)
Event: 7.584 Thread 0x000001b5e177f350 nmethod 8841 0x000001b5d19dbb10 code [0x000001b5d19dbde0, 0x000001b5d19dc960]
Event: 7.584 Thread 0x000001b5e1a53850 8842       1       java.lang.invoke.VarHandleReferences$FieldInstanceReadWrite::weakCompareAndSet (48 bytes)
Event: 7.585 Thread 0x000001b5e177ea90 8843       1       java.util.concurrent.ThreadPoolExecutor$Worker::tryLock (6 bytes)
Event: 7.585 Thread 0x000001b5e1a53850 nmethod 8842 0x000001b5d18e8090 code [0x000001b5d18e82a0, 0x000001b5d18e8828]
Event: 7.585 Thread 0x000001b5e107a5b0 8844       1       java.lang.Exception::<init> (5 bytes)
Event: 7.585 Thread 0x000001b5e177ea90 nmethod 8843 0x000001b5d14ecd90 code [0x000001b5d14ecf20, 0x000001b5d14ed088]
Event: 7.585 Thread 0x000001b5e107a5b0 nmethod 8844 0x000001b5d132e290 code [0x000001b5d132e440, 0x000001b5d132e680]
Event: 7.589 Thread 0x000001b5e177ea90 8845       1       java.lang.invoke.LambdaForm$MH/0x000001b581be1800::invoke (60 bytes)
Event: 7.589 Thread 0x000001b5e107a5b0 8846       1       java.lang.invoke.LambdaForm$MH/0x000001b581be1c00::invoke (42 bytes)
Event: 7.589 Thread 0x000001b5e177f350 8847       1       nonapi.io.github.classgraph.utils.CollectionUtils::sortIfNotEmpty (15 bytes)
Event: 7.589 Thread 0x000001b5e177f350 nmethod 8847 0x000001b5d152f990 code [0x000001b5d152fb40, 0x000001b5d152fc60]
Event: 7.590 Thread 0x000001b5e107a5b0 nmethod 8846 0x000001b5d13af290 code [0x000001b5d13af460, 0x000001b5d13af700]
Event: 7.590 Thread 0x000001b5e177ea90 nmethod 8845 0x000001b5d129ea90 code [0x000001b5d129ec40, 0x000001b5d129ee38]
Event: 7.603 Thread 0x000001b5e1a53850 8850       1       java.lang.Thread::getPriority (17 bytes)
Event: 7.603 Thread 0x000001b5e177ea90 8849       1       java.lang.Thread::<init> (311 bytes)
Event: 7.603 Thread 0x000001b5e1a4f190 8851       1       java.lang.Thread$FieldHolder::<init> (36 bytes)
Event: 7.603 Thread 0x000001b5e1a53850 nmethod 8850 0x000001b5d16d0290 code [0x000001b5d16d0440, 0x000001b5d16d0590]
Event: 7.603 Thread 0x000001b5e1a4f190 nmethod 8851 0x000001b5d13aff90 code [0x000001b5d13b0120, 0x000001b5d13b02d0]
Event: 7.604 Thread 0x000001b5e177ea90 nmethod 8849 0x000001b5d1ea8590 code [0x000001b5d1ea8840, 0x000001b5d1ea9730]

GC Heap History (20 events):
Event: 5.983 GC heap after
{Heap after GC invocations=19 (full 0):
 garbage-first heap   total 118784K, used 42435K [0x0000000704600000, 0x0000000800000000)
  region size 2048K, 4 young (8192K), 4 survivors (8192K)
 Metaspace       used 68928K, committed 69696K, reserved 1114112K
  class space    used 9681K, committed 10048K, reserved 1048576K
}
Event: 6.374 GC heap before
{Heap before GC invocations=19 (full 0):
 garbage-first heap   total 118784K, used 99779K [0x0000000704600000, 0x0000000800000000)
  region size 2048K, 32 young (65536K), 4 survivors (8192K)
 Metaspace       used 74827K, committed 75520K, reserved 1114112K
  class space    used 10684K, committed 11008K, reserved 1048576K
}
Event: 6.378 GC heap after
{Heap after GC invocations=20 (full 0):
 garbage-first heap   total 118784K, used 46464K [0x0000000704600000, 0x0000000800000000)
  region size 2048K, 4 young (8192K), 4 survivors (8192K)
 Metaspace       used 74827K, committed 75520K, reserved 1114112K
  class space    used 10684K, committed 11008K, reserved 1048576K
}
Event: 6.553 GC heap before
{Heap before GC invocations=20 (full 0):
 garbage-first heap   total 118784K, used 101760K [0x0000000704600000, 0x0000000800000000)
  region size 2048K, 31 young (63488K), 4 survivors (8192K)
 Metaspace       used 77167K, committed 77888K, reserved 1179648K
  class space    used 11024K, committed 11328K, reserved 1048576K
}
Event: 6.560 GC heap after
{Heap after GC invocations=21 (full 0):
 garbage-first heap   total 118784K, used 47853K [0x0000000704600000, 0x0000000800000000)
  region size 2048K, 2 young (4096K), 2 survivors (4096K)
 Metaspace       used 77167K, committed 77888K, reserved 1179648K
  class space    used 11024K, committed 11328K, reserved 1048576K
}
Event: 6.909 GC heap before
{Heap before GC invocations=22 (full 0):
 garbage-first heap   total 118784K, used 103149K [0x0000000704600000, 0x0000000800000000)
  region size 2048K, 29 young (59392K), 2 survivors (4096K)
 Metaspace       used 78400K, committed 79168K, reserved 1179648K
  class space    used 11259K, committed 11584K, reserved 1048576K
}
Event: 6.912 GC heap after
{Heap after GC invocations=23 (full 0):
 garbage-first heap   total 118784K, used 49095K [0x0000000704600000, 0x0000000800000000)
  region size 2048K, 2 young (4096K), 2 survivors (4096K)
 Metaspace       used 78400K, committed 79168K, reserved 1179648K
  class space    used 11259K, committed 11584K, reserved 1048576K
}
Event: 7.256 GC heap before
{Heap before GC invocations=23 (full 0):
 garbage-first heap   total 118784K, used 104391K [0x0000000704600000, 0x0000000800000000)
  region size 2048K, 29 young (59392K), 2 survivors (4096K)
 Metaspace       used 81602K, committed 82368K, reserved 1179648K
  class space    used 11712K, committed 12032K, reserved 1048576K
}
Event: 7.262 GC heap after
{Heap after GC invocations=24 (full 0):
 garbage-first heap   total 118784K, used 52235K [0x0000000704600000, 0x0000000800000000)
  region size 2048K, 4 young (8192K), 4 survivors (8192K)
 Metaspace       used 81602K, committed 82368K, reserved 1179648K
  class space    used 11712K, committed 12032K, reserved 1048576K
}
Event: 7.384 GC heap before
{Heap before GC invocations=24 (full 0):
 garbage-first heap   total 118784K, used 97291K [0x0000000704600000, 0x0000000800000000)
  region size 2048K, 27 young (55296K), 4 survivors (8192K)
 Metaspace       used 82805K, committed 83712K, reserved 1179648K
  class space    used 11858K, committed 12288K, reserved 1048576K
}
Event: 7.391 GC heap after
{Heap after GC invocations=25 (full 0):
 garbage-first heap   total 118784K, used 59444K [0x0000000704600000, 0x0000000800000000)
  region size 2048K, 4 young (8192K), 4 survivors (8192K)
 Metaspace       used 82805K, committed 83712K, reserved 1179648K
  class space    used 11858K, committed 12288K, reserved 1048576K
}
Event: 7.430 GC heap before
{Heap before GC invocations=26 (full 0):
 garbage-first heap   total 143360K, used 98356K [0x0000000704600000, 0x0000000800000000)
  region size 2048K, 24 young (49152K), 4 survivors (8192K)
 Metaspace       used 82812K, committed 83712K, reserved 1179648K
  class space    used 11861K, committed 12288K, reserved 1048576K
}
Event: 7.435 GC heap after
{Heap after GC invocations=27 (full 0):
 garbage-first heap   total 172032K, used 69064K [0x0000000704600000, 0x0000000800000000)
  region size 2048K, 3 young (6144K), 3 survivors (6144K)
 Metaspace       used 82812K, committed 83712K, reserved 1179648K
  class space    used 11861K, committed 12288K, reserved 1048576K
}
Event: 7.496 GC heap before
{Heap before GC invocations=27 (full 0):
 garbage-first heap   total 172032K, used 142792K [0x0000000704600000, 0x0000000800000000)
  region size 2048K, 40 young (81920K), 3 survivors (6144K)
 Metaspace       used 82892K, committed 83776K, reserved 1179648K
  class space    used 11874K, committed 12288K, reserved 1048576K
}
Event: 7.502 GC heap after
{Heap after GC invocations=28 (full 0):
 garbage-first heap   total 172032K, used 87507K [0x0000000704600000, 0x0000000800000000)
  region size 2048K, 5 young (10240K), 5 survivors (10240K)
 Metaspace       used 82892K, committed 83776K, reserved 1179648K
  class space    used 11874K, committed 12288K, reserved 1048576K
}
Event: 7.542 GC heap before
{Heap before GC invocations=28 (full 0):
 garbage-first heap   total 172032K, used 142803K [0x0000000704600000, 0x0000000800000000)
  region size 2048K, 33 young (67584K), 5 survivors (10240K)
 Metaspace       used 82909K, committed 83776K, reserved 1179648K
  class space    used 11878K, committed 12288K, reserved 1048576K
}
Event: 7.548 GC heap after
{Heap after GC invocations=29 (full 0):
 garbage-first heap   total 172032K, used 103950K [0x0000000704600000, 0x0000000800000000)
  region size 2048K, 5 young (10240K), 5 survivors (10240K)
 Metaspace       used 82909K, committed 83776K, reserved 1179648K
  class space    used 11878K, committed 12288K, reserved 1048576K
}
Event: 7.597 GC heap before
{Heap before GC invocations=30 (full 0):
 garbage-first heap   total 243712K, used 144910K [0x0000000704600000, 0x0000000800000000)
  region size 2048K, 26 young (53248K), 5 survivors (10240K)
 Metaspace       used 82899K, committed 83776K, reserved 1179648K
  class space    used 11876K, committed 12288K, reserved 1048576K
}
Event: 7.602 GC heap after
{Heap after GC invocations=31 (full 0):
 garbage-first heap   total 243712K, used 117924K [0x0000000704600000, 0x0000000800000000)
  region size 2048K, 4 young (8192K), 4 survivors (8192K)
 Metaspace       used 82899K, committed 83776K, reserved 1179648K
  class space    used 11876K, committed 12288K, reserved 1048576K
}
Event: 7.633 GC heap before
{Heap before GC invocations=31 (full 0):
 garbage-first heap   total 243712K, used 189604K [0x0000000704600000, 0x0000000800000000)
  region size 2048K, 40 young (81920K), 4 survivors (8192K)
 Metaspace       used 82899K, committed 83776K, reserved 1179648K
  class space    used 11876K, committed 12288K, reserved 1048576K
}

Dll operation events (13 events):
Event: 0.005 Loaded shared library C:\Users\Acer\.jdks\openjdk-21.0.2\bin\java.dll
Event: 0.084 Loaded shared library C:\Users\Acer\.jdks\openjdk-21.0.2\bin\zip.dll
Event: 0.085 Loaded shared library C:\Users\Acer\.jdks\openjdk-21.0.2\bin\instrument.dll
Event: 0.087 Loaded shared library C:\Users\Acer\.jdks\openjdk-21.0.2\bin\net.dll
Event: 0.088 Loaded shared library C:\Users\Acer\.jdks\openjdk-21.0.2\bin\nio.dll
Event: 0.089 Loaded shared library C:\Users\Acer\.jdks\openjdk-21.0.2\bin\zip.dll
Event: 0.150 Loaded shared library C:\Program Files\JetBrains\IntelliJ IDEA 2023.3.2\bin\breakgen64.dll
Event: 0.153 Loaded shared library C:\Users\Acer\.jdks\openjdk-21.0.2\bin\jimage.dll
Event: 0.154 Loaded shared library C:\Users\Acer\.jdks\openjdk-21.0.2\bin\extnet.dll
Event: 0.162 Loaded shared library C:\Users\Acer\.jdks\openjdk-21.0.2\bin\management.dll
Event: 0.166 Loaded shared library C:\Users\Acer\.jdks\openjdk-21.0.2\bin\management_ext.dll
Event: 0.860 Loaded shared library C:\Users\Acer\.jdks\openjdk-21.0.2\bin\sunmscapi.dll
Event: 1.917 Loaded shared library C:\Users\Acer\.jdks\openjdk-21.0.2\bin\verify.dll

Deoptimization events (10 events):
Event: 1.976 Thread 0x000001b5e216d360 DEOPT PACKING pc=0x000001b5d1ac8194 sp=0x0000000b69ffce20
Event: 1.976 Thread 0x000001b5e216d360 DEOPT UNPACKING pc=0x000001b5d11e4e42 sp=0x0000000b69ffc2d8 mode 0
Event: 2.115 Thread 0x000001b5e216d360 DEOPT PACKING pc=0x000001b5d1cf45c1 sp=0x0000000b69ffd950
Event: 2.115 Thread 0x000001b5e216d360 DEOPT UNPACKING pc=0x000001b5d11e4e42 sp=0x0000000b69ffcee8 mode 0
Event: 2.287 Thread 0x000001b5e216d360 DEOPT PACKING pc=0x000001b5d1988b81 sp=0x0000000b69ffac10
Event: 2.287 Thread 0x000001b5e216d360 DEOPT UNPACKING pc=0x000001b5d11e4e42 sp=0x0000000b69ffa118 mode 3
Event: 2.287 Thread 0x000001b5e216d360 DEOPT PACKING pc=0x000001b5d195365a sp=0x0000000b69ffabd0
Event: 2.287 Thread 0x000001b5e216d360 DEOPT UNPACKING pc=0x000001b5d11e4e42 sp=0x0000000b69ffa118 mode 3
Event: 6.087 Thread 0x000001b5e216d360 DEOPT PACKING pc=0x000001b5d20499d4 sp=0x0000000b69ffc2f0
Event: 6.087 Thread 0x000001b5e216d360 DEOPT UNPACKING pc=0x000001b5d11e4e42 sp=0x0000000b69ffb848 mode 0

Classes loaded (20 events):
Event: 7.275 Loading class java/util/EnumMap$EnumMapIterator done
Event: 7.275 Loading class java/util/EnumMap$EntryIterator done
Event: 7.323 Loading class sun/misc/Unsafe
Event: 7.323 Loading class sun/misc/Unsafe done
Event: 7.335 Loading class java/lang/LayerInstantiationException
Event: 7.335 Loading class java/lang/LayerInstantiationException done
Event: 7.335 Loading class jdk/internal/loader/Loader
Event: 7.335 Loading class jdk/internal/loader/Loader done
Event: 7.339 Loading class java/io/IOError
Event: 7.339 Loading class java/io/IOError done
Event: 7.358 Loading class sun/nio/fs/WindowsLinkSupport
Event: 7.358 Loading class sun/nio/fs/WindowsLinkSupport done
Event: 7.367 Loading class java/nio/channels/spi/AbstractInterruptibleChannel$1
Event: 7.367 Loading class sun/nio/ch/Interruptible
Event: 7.367 Loading class sun/nio/ch/Interruptible done
Event: 7.367 Loading class java/nio/channels/spi/AbstractInterruptibleChannel$1 done
Event: 7.368 Loading class java/nio/ReadOnlyBufferException
Event: 7.368 Loading class java/nio/ReadOnlyBufferException done
Event: 7.369 Loading class java/util/zip/DataFormatException
Event: 7.370 Loading class java/util/zip/DataFormatException done

Classes unloaded (3 events):
Event: 7.572 Thread 0x000001b5dc736060 Unloading class 0x000001b581b4e400 'jdk/internal/reflect/GeneratedSerializationConstructorAccessor22'
Event: 7.572 Thread 0x000001b5dc736060 Unloading class 0x000001b581b3c800 'jdk/internal/reflect/GeneratedSerializationConstructorAccessor21'
Event: 7.572 Thread 0x000001b5dc736060 Unloading class 0x000001b581b3c000 'jdk/internal/reflect/GeneratedSerializationConstructorAccessor20'

Classes redefined (0 events):
No events

Internal exceptions (20 events):
Event: 7.603 Thread 0x000001b5e52e5990 Exception <a 'sun/nio/fs/WindowsException'{0x000000071400cff0}> (0x000000071400cff0) 
thrown [s\open\src\hotspot\share\prims\jni.cpp, line 520]
Event: 7.603 Thread 0x000001b5e52e5990 Exception <a 'sun/nio/fs/WindowsException'{0x000000071400d2c0}> (0x000000071400d2c0) 
thrown [s\open\src\hotspot\share\prims\jni.cpp, line 520]
Event: 7.603 Thread 0x000001b5e52e5990 Exception <a 'sun/nio/fs/WindowsException'{0x000000071400dc18}> (0x000000071400dc18) 
thrown [s\open\src\hotspot\share\prims\jni.cpp, line 520]
Event: 7.603 Thread 0x000001b5e52e5990 Exception <a 'sun/nio/fs/WindowsException'{0x000000071400df18}> (0x000000071400df18) 
thrown [s\open\src\hotspot\share\prims\jni.cpp, line 520]
Event: 7.603 Thread 0x000001b5e52e5990 Exception <a 'sun/nio/fs/WindowsException'{0x000000071400e848}> (0x000000071400e848) 
thrown [s\open\src\hotspot\share\prims\jni.cpp, line 520]
Event: 7.603 Thread 0x000001b5e52e5990 Exception <a 'sun/nio/fs/WindowsException'{0x000000071400eb18}> (0x000000071400eb18) 
thrown [s\open\src\hotspot\share\prims\jni.cpp, line 520]
Event: 7.603 Thread 0x000001b5e52e5990 Exception <a 'sun/nio/fs/WindowsException'{0x000000071400f420}> (0x000000071400f420) 
thrown [s\open\src\hotspot\share\prims\jni.cpp, line 520]
Event: 7.603 Thread 0x000001b5e52e5990 Exception <a 'sun/nio/fs/WindowsException'{0x000000071400f6c0}> (0x000000071400f6c0) 
thrown [s\open\src\hotspot\share\prims\jni.cpp, line 520]
Event: 7.603 Thread 0x000001b5e52e5990 Exception <a 'sun/nio/fs/WindowsException'{0x000000071408c310}> (0x000000071408c310) 
thrown [s\open\src\hotspot\share\prims\jni.cpp, line 520]
Event: 7.603 Thread 0x000001b5e52e5990 Exception <a 'sun/nio/fs/WindowsException'{0x000000071408c5d0}> (0x000000071408c5d0) 
thrown [s\open\src\hotspot\share\prims\jni.cpp, line 520]
Event: 7.603 Thread 0x000001b5e52e5990 Exception <a 'sun/nio/fs/WindowsException'{0x000000071408ced8}> (0x000000071408ced8) 
thrown [s\open\src\hotspot\share\prims\jni.cpp, line 520]
Event: 7.603 Thread 0x000001b5e52e5990 Exception <a 'sun/nio/fs/WindowsException'{0x000000071408d178}> (0x000000071408d178) 
thrown [s\open\src\hotspot\share\prims\jni.cpp, line 520]
Event: 7.603 Thread 0x000001b5e52e5990 Exception <a 'sun/nio/fs/WindowsException'{0x000000071408da90}> (0x000000071408da90) 
thrown [s\open\src\hotspot\share\prims\jni.cpp, line 520]
Event: 7.603 Thread 0x000001b5e52e5990 Exception <a 'sun/nio/fs/WindowsException'{0x000000071408dd50}> (0x000000071408dd50) 
thrown [s\open\src\hotspot\share\prims\jni.cpp, line 520]
Event: 7.603 Thread 0x000001b5e52e5990 Exception <a 'sun/nio/fs/WindowsException'{0x000000071408e680}> (0x000000071408e680) 
thrown [s\open\src\hotspot\share\prims\jni.cpp, line 520]
Event: 7.603 Thread 0x000001b5e52e5990 Exception <a 'sun/nio/fs/WindowsException'{0x000000071408e950}> (0x000000071408e950) 
thrown [s\open\src\hotspot\share\prims\jni.cpp, line 520]
Event: 7.603 Thread 0x000001b5e52e5990 Exception <a 'sun/nio/fs/WindowsException'{0x000000071408f298}> (0x000000071408f298) 
thrown [s\open\src\hotspot\share\prims\jni.cpp, line 520]
Event: 7.603 Thread 0x000001b5e52e5990 Exception <a 'sun/nio/fs/WindowsException'{0x000000071408f588}> (0x000000071408f588) 
thrown [s\open\src\hotspot\share\prims\jni.cpp, line 520]
Event: 7.603 Thread 0x000001b5e52e5990 Exception <a 'sun/nio/fs/WindowsException'{0x000000071409ffb8}> (0x000000071409ffb8) 
thrown [s\open\src\hotspot\share\prims\jni.cpp, line 520]
Event: 7.603 Thread 0x000001b5e52e5990 Exception <a 'sun/nio/fs/WindowsException'{0x00000007140a02a8}> (0x00000007140a02a8) 
thrown [s\open\src\hotspot\share\prims\jni.cpp, line 520]

ZGC Phase Switch (0 events):
No events

VM Operations (20 events):
Event: 7.392 Executing VM operation: G1CollectForAllocation (G1 Evacuation Pause) done
Event: 7.408 Executing VM operation: G1PauseRemark
Event: 7.417 Executing VM operation: G1PauseRemark done
Event: 7.423 Executing VM operation: G1PauseCleanup
Event: 7.423 Executing VM operation: G1PauseCleanup done
Event: 7.430 Executing VM operation: G1CollectForAllocation (G1 Evacuation Pause)
Event: 7.437 Executing VM operation: G1CollectForAllocation (G1 Evacuation Pause) done
Event: 7.450 Executing VM operation: HandshakeAllThreads (Deoptimize)
Event: 7.450 Executing VM operation: HandshakeAllThreads (Deoptimize) done
Event: 7.496 Executing VM operation: G1CollectForAllocation (G1 Evacuation Pause)
Event: 7.502 Executing VM operation: G1CollectForAllocation (G1 Evacuation Pause) done
Event: 7.542 Executing VM operation: G1CollectForAllocation (G1 Evacuation Pause)
Event: 7.548 Executing VM operation: G1CollectForAllocation (G1 Evacuation Pause) done
Event: 7.571 Executing VM operation: G1PauseRemark
Event: 7.580 Executing VM operation: G1PauseRemark done
Event: 7.589 Executing VM operation: G1PauseCleanup
Event: 7.589 Executing VM operation: G1PauseCleanup done
Event: 7.597 Executing VM operation: G1CollectForAllocation (G1 Evacuation Pause)
Event: 7.603 Executing VM operation: G1CollectForAllocation (G1 Evacuation Pause) done
Event: 7.633 Executing VM operation: G1CollectForAllocation (G1 Evacuation Pause)

Events (20 events):
Event: 7.597 Thread 0x000001b5e52e6020 Thread added: 0x000001b5e52e6020
Event: 7.597 Thread 0x000001b5e52e5300 Thread added: 0x000001b5e52e5300
Event: 7.597 Thread 0x000001b5e52e6d40 Thread added: 0x000001b5e52e6d40
Event: 7.597 Thread 0x000001b5e52e73d0 Thread added: 0x000001b5e52e73d0
Event: 7.597 Thread 0x000001b5e52e7a60 Thread added: 0x000001b5e52e7a60
Event: 7.597 Thread 0x000001b5e52e80f0 Thread added: 0x000001b5e52e80f0
Event: 7.597 Thread 0x000001b5e52e1160 Thread added: 0x000001b5e52e1160
Event: 7.597 Thread 0x000001b5e52e8780 Thread added: 0x000001b5e52e8780
Event: 7.597 Thread 0x000001b5e52beae0 Thread added: 0x000001b5e52beae0
Event: 7.597 Thread 0x000001b5e52c18d0 Thread added: 0x000001b5e52c18d0
Event: 7.597 Thread 0x000001b5e52c4030 Thread added: 0x000001b5e52c4030
Event: 7.597 Thread 0x000001b5e52bf170 Thread added: 0x000001b5e52bf170
Event: 7.603 Thread 0x000001b5e52c1f60 Thread added: 0x000001b5e52c1f60
Event: 7.603 Thread 0x000001b5e52bfe90 Thread added: 0x000001b5e52bfe90
Event: 7.603 Thread 0x000001b5e52c1240 Thread added: 0x000001b5e52c1240
Event: 7.603 Thread 0x000001b5e52c0520 Thread added: 0x000001b5e52c0520
Event: 7.603 Thread 0x000001b5e52bd0a0 Thread added: 0x000001b5e52bd0a0
Event: 7.603 Thread 0x000001b5e52c25f0 Thread added: 0x000001b5e52c25f0
Event: 7.603 Thread 0x000001b5e52bf800 Thread added: 0x000001b5e52bf800
Event: 7.603 Thread 0x000001b5e52bd730 Thread added: 0x000001b5e52bd730


Dynamic libraries:
0x00007ff6de770000 - 0x00007ff6de77e000 	C:\Users\Acer\.jdks\openjdk-21.0.2\bin\java.exe
0x00007ffbe0db0000 - 0x00007ffbe0fc7000 	C:\Windows\SYSTEM32\ntdll.dll
0x00007ffbdf9d0000 - 0x00007ffbdfa94000 	C:\Windows\System32\KERNEL32.DLL
0x00007ffbde630000 - 0x00007ffbde9d6000 	C:\Windows\System32\KERNELBASE.dll
0x00007ffbde9e0000 - 0x00007ffbdeaf1000 	C:\Windows\System32\ucrtbase.dll
0x00007ffbaab00000 - 0x00007ffbaab18000 	C:\Users\Acer\.jdks\openjdk-21.0.2\bin\jli.dll
0x00007ffbaaab0000 - 0x00007ffbaaacb000 	C:\Users\Acer\.jdks\openjdk-21.0.2\bin\VCRUNTIME140.dll
0x00007ffbded00000 - 0x00007ffbdeeae000 	C:\Windows\System32\USER32.dll
0x00007ffbde380000 - 0x00007ffbde3a6000 	C:\Windows\System32\win32u.dll
0x00007ffbc4a80000 - 0x00007ffbc4d13000 	C:\Windows\WinSxS\amd64_microsoft.windows.common-controls_6595b64144ccf1df_6.0.22621.2506_none_270c5ae97388e100\COMCTL32.dll
0x00007ffbe09d0000 - 0x00007ffbe09f9000 	C:\Windows\System32\GDI32.dll
0x00007ffbe06b0000 - 0x00007ffbe0757000 	C:\Windows\System32\msvcrt.dll
0x00007ffbde260000 - 0x00007ffbde378000 	C:\Windows\System32\gdi32full.dll
0x00007ffbde4f0000 - 0x00007ffbde58a000 	C:\Windows\System32\msvcp_win.dll
0x00007ffbe0cd0000 - 0x00007ffbe0d01000 	C:\Windows\System32\IMM32.DLL
0x00007ffbc2120000 - 0x00007ffbc212c000 	C:\Users\Acer\.jdks\openjdk-21.0.2\bin\vcruntime140_1.dll
0x00007ffba6890000 - 0x00007ffba691e000 	C:\Users\Acer\.jdks\openjdk-21.0.2\bin\msvcp140.dll
0x00007ffaf0240000 - 0x00007ffaf0f57000 	C:\Users\Acer\.jdks\openjdk-21.0.2\bin\server\jvm.dll
0x00007ffbdef60000 - 0x00007ffbdf013000 	C:\Windows\System32\ADVAPI32.dll
0x00007ffbdf130000 - 0x00007ffbdf1d8000 	C:\Windows\System32\sechost.dll
0x00007ffbde590000 - 0x00007ffbde5b8000 	C:\Windows\System32\bcrypt.dll
0x00007ffbdeb00000 - 0x00007ffbdec17000 	C:\Windows\System32\RPCRT4.dll
0x00007ffbe0bd0000 - 0x00007ffbe0c41000 	C:\Windows\System32\WS2_32.dll
0x00007ffbdcf40000 - 0x00007ffbdcf8d000 	C:\Windows\SYSTEM32\POWRPROF.dll
0x00007ffbd3500000 - 0x00007ffbd350a000 	C:\Windows\SYSTEM32\VERSION.dll
0x00007ffbd4500000 - 0x00007ffbd4534000 	C:\Windows\SYSTEM32\WINMM.dll
0x00007ffbdcf20000 - 0x00007ffbdcf33000 	C:\Windows\SYSTEM32\UMPDC.dll
0x00007ffbdd1f0000 - 0x00007ffbdd208000 	C:\Windows\SYSTEM32\kernel.appcore.dll
0x00007ffbc20f0000 - 0x00007ffbc20fa000 	C:\Users\Acer\.jdks\openjdk-21.0.2\bin\jimage.dll
0x00007ffbdba90000 - 0x00007ffbdbcc3000 	C:\Windows\SYSTEM32\DBGHELP.DLL
0x00007ffbdfac0000 - 0x00007ffbdfe49000 	C:\Windows\System32\combase.dll
0x00007ffbdec20000 - 0x00007ffbdecf7000 	C:\Windows\System32\OLEAUT32.dll
0x00007ffbb3bd0000 - 0x00007ffbb3c02000 	C:\Windows\SYSTEM32\dbgcore.DLL
0x00007ffbde3b0000 - 0x00007ffbde42a000 	C:\Windows\System32\bcryptPrimitives.dll
0x00007ffbc42b0000 - 0x00007ffbc42bf000 	C:\Users\Acer\.jdks\openjdk-21.0.2\bin\instrument.dll
0x00007ffbaaa90000 - 0x00007ffbaaaaf000 	C:\Users\Acer\.jdks\openjdk-21.0.2\bin\java.dll
0x00007ffbdfe50000 - 0x00007ffbe06ab000 	C:\Windows\System32\SHELL32.dll
0x00007ffbdc010000 - 0x00007ffbdc906000 	C:\Windows\SYSTEM32\windows.storage.dll
0x00007ffbdbed0000 - 0x00007ffbdc00e000 	C:\Windows\SYSTEM32\wintypes.dll
0x00007ffbdf020000 - 0x00007ffbdf113000 	C:\Windows\System32\SHCORE.dll
0x00007ffbdf970000 - 0x00007ffbdf9ce000 	C:\Windows\System32\shlwapi.dll
0x00007ffbde020000 - 0x00007ffbde046000 	C:\Windows\SYSTEM32\profapi.dll
0x00007ffbaa830000 - 0x00007ffbaa848000 	C:\Users\Acer\.jdks\openjdk-21.0.2\bin\zip.dll
0x00007ffbafa50000 - 0x00007ffbafa60000 	C:\Users\Acer\.jdks\openjdk-21.0.2\bin\net.dll
0x00007ffbd8180000 - 0x00007ffbd82b7000 	C:\Windows\SYSTEM32\WINHTTP.dll
0x00007ffbdd670000 - 0x00007ffbdd6d9000 	C:\Windows\system32\mswsock.dll
0x00007ffbaa850000 - 0x00007ffbaa866000 	C:\Users\Acer\.jdks\openjdk-21.0.2\bin\nio.dll
0x00007ffbbf510000 - 0x00007ffbbf52a000 	C:\Program Files\JetBrains\IntelliJ IDEA 2023.3.2\bin\breakgen64.dll
0x00007ffbaf940000 - 0x00007ffbaf949000 	C:\Users\Acer\.jdks\openjdk-21.0.2\bin\extnet.dll
0x00007ffbdcc50000 - 0x00007ffbdcd49000 	C:\Windows\SYSTEM32\DNSAPI.dll
0x00007ffbdcbe0000 - 0x00007ffbdcc0d000 	C:\Windows\SYSTEM32\IPHLPAPI.DLL
0x00007ffbdf2e0000 - 0x00007ffbdf2e9000 	C:\Windows\System32\NSI.dll
0x00007ffbd34e0000 - 0x00007ffbd34ea000 	C:\Windows\System32\rasadhlp.dll
0x00007ffbd4aa0000 - 0x00007ffbd4b23000 	C:\Windows\System32\fwpuclnt.dll
0x00007ffbc42a0000 - 0x00007ffbc42aa000 	C:\Users\Acer\.jdks\openjdk-21.0.2\bin\management.dll
0x00007ffbc2110000 - 0x00007ffbc211b000 	C:\Users\Acer\.jdks\openjdk-21.0.2\bin\management_ext.dll
0x00007ffbe0a00000 - 0x00007ffbe0a08000 	C:\Windows\System32\PSAPI.DLL
0x00007ffbdd8f0000 - 0x00007ffbdd90b000 	C:\Windows\SYSTEM32\CRYPTSP.dll
0x00007ffbdd140000 - 0x00007ffbdd175000 	C:\Windows\system32\rsaenh.dll
0x00007ffbdd770000 - 0x00007ffbdd79c000 	C:\Windows\SYSTEM32\USERENV.dll
0x00007ffbdd910000 - 0x00007ffbdd91c000 	C:\Windows\SYSTEM32\CRYPTBASE.dll
0x00007ffbb07a0000 - 0x00007ffbb07b7000 	C:\Windows\system32\napinsp.dll
0x00007ffbb0630000 - 0x00007ffbb064b000 	C:\Windows\system32\pnrpnsp.dll
0x00007ffbb04a0000 - 0x00007ffbb04b1000 	C:\Windows\System32\winrnr.dll
0x00007ffbb0480000 - 0x00007ffbb0495000 	C:\Windows\system32\wshbth.dll
0x00007ffbb0450000 - 0x00007ffbb0471000 	C:\Windows\system32\nlansp_c.dll
0x00007ffbabec0000 - 0x00007ffbabece000 	C:\Users\Acer\.jdks\openjdk-21.0.2\bin\sunmscapi.dll
0x00007ffbde0f0000 - 0x00007ffbde256000 	C:\Windows\System32\CRYPT32.dll
0x00007ffbddab0000 - 0x00007ffbddade000 	C:\Windows\SYSTEM32\ncrypt.dll
0x00007ffbdda70000 - 0x00007ffbddaa7000 	C:\Windows\SYSTEM32\NTASN1.dll
0x00007ffbabdc0000 - 0x00007ffbabdd0000 	C:\Users\Acer\.jdks\openjdk-21.0.2\bin\verify.dll

dbghelp: loaded successfully - version: 4.0.5 - missing functions: none
symbol engine: initialized successfully - sym options: 0x614 - pdb path: .;C:\Users\Acer\.jdks\openjdk-21.0.2\bin;C:\Windows\SYSTEM32;C:\Windows\WinSxS\amd64_microsoft.windows.common-controls_6595b64144ccf1df_6.0.22621.2506_none_270c5ae97388e100;C:\Users\Acer\.jdks\openjdk-21.0.2\bin\server;C:\Program Files\JetBrains\IntelliJ IDEA 2023.3.2\bin

VM Arguments:
jvm_args: -XX:TieredStopAtLevel=1 -Dspring.output.ansi.enabled=always -Dcom.sun.management.jmxremote -Dspring.jmx.enabled=true -Dspring.liveBeansView.mbeanDomain -Dspring.application.admin.enabled=true -Dmanagement.endpoints.jmx.exposure.include=* -javaagent:C:\Program Files\JetBrains\IntelliJ IDEA 2023.3.2\lib\idea_rt.jar=63932:C:\Program Files\JetBrains\IntelliJ IDEA 2023.3.2\bin -Dfile.encoding=UTF-8 -Dsun.stdout.encoding=UTF-8 -Dsun.stderr.encoding=UTF-8 
java_command: vn.iostar.userservice.UserServiceApplication
java_class_path (initial): D:\system_utealo_microservice\user-service\target\classes;C:\Users\Acer\.m2\repository\org\springframework\boot\spring-boot-starter-actuator\3.2.3\spring-boot-starter-actuator-3.2.3.jar;C:\Users\Acer\.m2\repository\org\springframework\boot\spring-boot-starter\3.2.3\spring-boot-starter-3.2.3.jar;C:\Users\Acer\.m2\repository\org\springframework\boot\spring-boot-starter-logging\3.2.3\spring-boot-starter-logging-3.2.3.jar;C:\Users\Acer\.m2\repository\ch\qos\logback\logback-classic\1.4.14\logback-classic-1.4.14.jar;C:\Users\Acer\.m2\repository\ch\qos\logback\logback-core\1.4.14\logback-core-1.4.14.jar;C:\Users\Acer\.m2\repository\org\apache\logging\log4j\log4j-to-slf4j\2.21.1\log4j-to-slf4j-2.21.1.jar;C:\Users\Acer\.m2\repository\org\slf4j\jul-to-slf4j\2.0.12\jul-to-slf4j-2.0.12.jar;C:\Users\Acer\.m2\repository\jakarta\annotation\jakarta.annotation-api\2.1.1\jakarta.annotation-api-2.1.1.jar;C:\Users\Acer\.m2\repository\org\yaml\snakeyaml\2.2\snakeyaml-2.2.jar;C:\Users\Acer\.m2\repository\org\springframework\boot\spring-boot-actuator-autoconfigure\3.2.3\spring-boot-actuator-autoconfigure-3.2.3.jar;C:\Users\Acer\.m2\repository\org\springframework\boot\spring-boot-actuator\3.2.3\spring-boot-actuator-3.2.3.jar;C:\Users\Acer\.m2\repository\com\fasterxml\jackson\core\jackson-databind\2.15.4\jackson-databind-2.15.4.jar;C:\Users\Acer\.m2\repository\com\fasterxml\jackson\datatype\jackson-datatype-jsr310\2.15.4\jackson-datatype-jsr310-2.15.4.jar;C:\Users\Acer\.m2\repository\io\micrometer\micrometer-observation\1.12.3\micrometer-observation-1.12.3.jar;C:\Users\Acer\.m2\repository\io\micrometer\micrometer-commons\1.12.3\micrometer-commons-1.12.3.jar;C:\Users\Acer\.m2\repository\io\micrometer\micrometer-jakarta9\1.12.3\micrometer-jakarta9-1.12.3.jar;C:\Users\Acer\.m2\repository\io\micrometer\micrometer-core\1.12.3\micrometer-core-1.12.3.jar;C:\Users\Acer\.m2\repository\org\hdrhistogram\HdrHistogram\2.1.12\HdrHistogram-2.1.12.jar;C:\Users\Acer\.m2\repository\org\latencyutils\LatencyUtils\2.0.3\LatencyUtils-2.0.3.jar;C:\Users\Acer\.m2\repository\org\springframework\boot\spring-boot-starter-data-jpa\3.2.3\spring-boot-starter-data-jpa-3.2.3.jar;C:\Users\Acer\.m2\repository\org\springframework\boot\spring-boot-starter-aop\3.2.3\spring-boot-starter-aop-3.2.3.jar;C:\Users\Acer\.m2\repository\org\aspectj\aspectjweaver\1.9.21\aspectjweaver-1.9.21.jar;C:\Users\Acer\.m2\repository\org\springframework\boot\spring-boot-starter-jdbc\3.2.3\spring-boot-starter-jdbc-3.2.3.jar;C:\Users\Acer\.m2\repository\com\zaxxer\HikariCP\5.0.1\HikariCP-5.0.1.jar;C:\Users\Acer\.m2\repository\org\springframework\spring-jdbc\6.1.4\spring-jdbc-6.1.4.jar;C:\Users\Acer\.m2\repository\org\hibernate\orm\hibernate-core\6.4.4.Final\hibernate-core-6.4.4.Final.jar;C:\Users\Acer\.m2\repository\jakarta\persistence\jakarta.persistence-api\3.1.0\jakarta.persistence-api-3.1.0.jar;C:\Users\Acer\.m2\repository\jakarta\transaction\jakarta.transaction-api\2.0.1\jakarta.transaction-api-2.0.1.jar;C:\Users\Acer\.m2\repository\org\jboss\logging\jboss-logging\3.5.3.Final\jboss-logging-3.5.3.Final.jar;C:\Users\Acer\.m2\repository\org\hibernate\common\hibernate-commons-annotations\6.0.6.Final\hibernate-commons-annotations-6.0.6.Final.jar;C:\Users\Acer\.m2\repository\io\smallrye\jandex\3.1.2\jandex-3.1.2.jar;C:\Users\Acer\.m2\repository\com\fasterxml\classmate\1.6.0\classmate-1.6.0.jar;C:\Users\Acer\.m2\repository\net\bytebuddy\byte-buddy\1.14.12\byte-buddy-1.14.12.jar;C:\Users\Acer\.m2\repository\org\glassfish\jaxb\jaxb-runtime\4.0.4\jaxb-runtime-4.0.4.jar;C:\Users\Acer\.m2\repository\org\glassfish\jaxb\jaxb-core\4.0.4\jaxb-core-4.0.4.jar;C:\Users\Acer\.m2\repository\org\glassfish\jaxb\txw2\4.0.4\txw2-4.0.4.jar;C:\Users\Acer\.m2\repository\com\sun\istack\istack-commons-runtime\4.1.2\istack-commons-runtime-4.1.2.jar;C:\Users\Acer\.m2\repository\jakarta\inject\jakarta.inject-api\2.0.1\jakarta.inject-api-2.0.1.jar;C:\Users\Acer\.m2\repository\org\antlr\antlr4-runtime\4.13.0\antlr4-runtime-4.13.0.jar;C:\Users\Acer\.m2\repository\org\springframework\data\spring-data-jpa\3.2.3\spring-data-jpa-3.2.3.jar;C:\Users\Acer\.m2\repository\org\springframework\data\spring-data-commons\3.2.3\spring-data-commons-3.2.3.jar;C:\Users\Acer\.m2\repository\org\springframework\spring-orm\6.1.4\spring-orm-6.1.4.jar;C:\Users\Acer\.m2\repository\org\slf4j\slf4j-api\2.0.12\slf4j-api-2.0.12.jar;C:\Users\Acer\.m2\repository\org\springframework\spring-aspects\6.1.4\spring-aspects-6.1.4.jar;C:\Users\Acer\.m2\repository\org\springframework\cloud\spring-cloud-starter-netflix-eureka-client\4.1.0\spring-cloud-starter-netflix-eureka-client-4.1.0.jar;C:\Users\Acer\.m2\repository\org\springframework\cloud\spring-cloud-starter\4.1.0\spring-cloud-starter-4.1.0.jar;C:\Users\Acer\.m2\repository\org\springframework\cloud\spring-cloud-context\4.1.0\spring-cloud-context-4.1.0.jar;C:\Users\Acer\.m2\repository\org\springframework\cloud\spring-cloud-commons\4.1.0\spring-cloud-commons-4.1.0.jar;C:\Users\Acer\.m2\repository\org\springframework\security\spring-security-rsa\1.1.1\spring-security-rsa-1.1.1.jar;C:\Users\Acer\.m2\repository\org\bouncycastle\bcprov-jdk18on\1.74\bcprov-jdk18on-1.74.jar;C:\Users\Acer\.m2\repository\org\springframework\cloud\spring-cloud-netflix-eureka-client\4.1.0\spring-cloud-netflix-eureka-client-4.1.0.jar;C:\Users\Acer\.m2\repository\org\apache\httpcomponents\client5\httpclient5\5.2.3\httpclient5-5.2.3.jar;C:\Users\Acer\.m2\repository\org\apache\httpcomponents\core5\httpcore5\5.2.4\httpcore5-5.2.4.jar;C:\Users\Acer\.m2\repository\org\apache\httpcomponents\core5\httpcore5-h2\5.2.4\httpcore5-h2-5.2.4.jar;C:\Users\Acer\.m2\repository\com\netflix\eureka\eureka-client\2.0.1\eureka-client-2.0.1.jar;C:\Users\Acer\.m2\repository\com\netflix\netflix-commons\netflix-eventbus\0.3.0\netflix-eventbus-0.3.0.jar;C:\Users\Acer\.m2\repository\com\netflix\netflix-commons\netflix-infix\0.3.0\netflix-infix-0.3.0.jar;C:\Users\Acer\.m2\repository\commons-jxpath\commons-jxpath\1.3\commons-jxpath-1.3.jar;C:\Users\Acer\.m2\repository\joda-time\joda-time\2.3\joda-time-2.3.jar;C:\Users\Acer\.m2\repository\org\antlr\antlr-runtime\3.4\antlr-runtime-3.4.jar;C:\Users\Acer\.m2\repository\org\antlr\stringtemplate\3.2.1\stringtemplate-3.2.1.jar;C:\Users\Acer\.m2\repository\antlr\antlr\2.7.7\antlr-2.7.7.jar;C:\Users\Acer\.m2\repository\org\apache\commons\commons-math\2.2\commons-math-2.2.jar;C:\Users\Acer\.m2\repository\com\thoughtworks\xstream\xstream\1.4.19\xstream-1.4.19.jar;C:\Users\Acer\.m2\repository\io\github\x-stream\mxparser\1.2.2\mxparser-1.2.2.jar;C:\Users\Acer\.m2\repository\xmlpull\xmlpull\1.1.3.1\xmlpull-1.1.3.1.jar;C:\Users\Acer\.m2\repository\jakarta\ws\rs\jakarta.ws.rs-api\3.1.0\jakarta.ws.rs-api-3.1.0.jar;C:\Users\Acer\.m2\repository\com\netflix\servo\servo-core\0.12.21\servo-core-0.12.21.jar;C:\Users\Acer\.m2\repository\com\google\guava\guava\19.0\guava-19.0.jar;C:\Users\Acer\.m2\repository\commons-configuration\commons-configuration\1.10\commons-configuration-1.10.jar;C:\Users\Acer\.m2\repository\commons-lang\commons-lang\2.6\commons-lang-2.6.jar;C:\Users\Acer\.m2\repository\com\fasterxml\jackson\core\jackson-annotations\2.15.4\jackson-annotations-2.15.4.jar;C:\Users\Acer\.m2\repository\com\fasterxml\jackson\core\jackson-core\2.15.4\jackson-core-2.15.4.jar;C:\Users\Acer\.m2\repository\org\codehaus\jettison\jettison\1.4.0\jettison-1.4.0.jar;C:\Users\Acer\.m2\repository\com\netflix\eureka\eureka-core\2.0.1\eureka-core-2.0.1.jar;C:\Users\Acer\.m2\repository\com\fasterxml\woodstox\woodstox-core\6.2.1\woodstox-core-6.2.1.jar;C:\Users\Acer\.m2\repository\org\codehaus\woodstox\stax2-api\4.2.1\stax2-api-4.2.1.jar;C:\Users\Acer\.m2\repository\org\springframework\cloud\spring-cloud-starter-loadbalancer\4.1.0\spring-cloud-starter-loadbalancer-4.1.0.jar;C:\Users\Acer\.m2\repository\org\springframework\cloud\spring-cloud-loadbalancer\4.1.0\spring-cloud-loadbalancer-4.1.0.jar;C:\Users\Acer\.m2\repository\io\projectreactor\reactor-core\3.6.3\reactor-core-3.6.3.jar;C:\Users\Acer\.m2\repository\org\reactivestreams\reactive-streams\1.0.4\reactive-streams-1.0.4.jar;C:\Users\Acer\.m2\repository\io\projectreactor\addons\reactor-extra\3.5.1\reactor-extra-3.5.1.jar;C:\Users\Acer\.m2\repository\org\springframework\boot\spring-boot-starter-cache\3.2.3\spring-boot-starter-cache-3.2.3.jar;C:\Users\Acer\.m2\repository\com\stoyanr\evictor\1.0.0\evictor-1.0.0.jar;C:\Users\Acer\.m2\repository\io\jsonwebtoken\jjwt-api\0.11.5\jjwt-api-0.11.5.jar;C:\Users\Acer\.m2\repository\io\jsonwebtoken\jjwt-impl\0.11.5\jjwt-impl-0.11.5.jar;C:\Users\Acer\.m2\repository\io\jsonwebtoken\jjwt-gson\0.11.5\jjwt-gson-0.11.5.jar;C:\Users\Acer\.m2\repository\com\google\code\gson\gson\2.10.1\gson-2.10.1.jar;C:\Users\Acer\.m2\repository\org\springframework\boot\spring-boot-devtools\3.2.3\spring-boot-devtools-3.2.3.jar;C:\Users\Acer\.m2\repository\org\springframework\boot\spring-boot\3.2.3\spring-boot-3.2.3.jar;C:\Users\Acer\.m2\repository\org\springframework\boot\spring-boot-autoconfigure\3.2.3\spring-boot-autoconfigure-3.2.3.jar;C:\Users\Acer\.m2\repository\jakarta\xml\bind\jakarta.xml.bind-api\4.0.1\jakarta.xml.bind-api-4.0.1.jar;C:\Users\Acer\.m2\repository\jakarta\activation\jakarta.activation-api\2.1.2\jakarta.activation-api-2.1.2.jar;C:\Users\Acer\.m2\repository\org\springframework\spring-core\6.1.4\spring-core-6.1.4.jar;C:\Users\Acer\.m2\repository\org\springframework\spring-jcl\6.1.4\spring-jcl-6.1.4.jar;C:\Users\Acer\.m2\repository\org\springframework\boot\spring-boot-starter-web\3.2.3\spring-boot-starter-web-3.2.3.jar;C:\Users\Acer\.m2\repository\org\springframework\boot\spring-boot-starter-json\3.2.3\spring-boot-starter-json-3.2.3.jar;C:\Users\Acer\.m2\repository\com\fasterxml\jackson\datatype\jackson-datatype-jdk8\2.15.4\jackson-datatype-jdk8-2.15.4.jar;C:\Users\Acer\.m2\repository\com\fasterxml\jackson\module\jackson-module-parameter-names\2.15.4\jackson-module-parameter-names-2.15.4.jar;C:\Users\Acer\.m2\repository\org\springframework\boot\spring-boot-starter-tomcat\3.2.3\spring-boot-starter-tomcat-3.2.3.jar;C:\Users\Acer\.m2\repository\org\apache\tomcat\embed\tomcat-embed-core\10.1.19\tomcat-embed-core-10.1.19.jar;C:\Users\Acer\.m2\repository\org\apache\tomcat\embed\tomcat-embed-el\10.1.19\tomcat-embed-el-10.1.19.jar;C:\Users\Acer\.m2\repository\org\apache\tomcat\embed\tomcat-embed-websocket\10.1.19\tomcat-embed-websocket-10.1.19.jar;C:\Users\Acer\.m2\repository\org\springframework\spring-web\6.1.4\spring-web-6.1.4.jar;C:\Users\Acer\.m2\repository\org\springframework\spring-webmvc\6.1.4\spring-webmvc-6.1.4.jar;C:\Users\Acer\.m2\repository\jakarta\validation\jakarta.validation-api\3.0.2\jakarta.validation-api-3.0.2.jar;C:\Users\Acer\.m2\repository\org\owasp\encoder\encoder\1.2.3\encoder-1.2.3.jar;C:\Users\Acer\.m2\repository\org\springframework\security\spring-security-core\6.2.2\spring-security-core-6.2.2.jar;C:\Users\Acer\.m2\repository\org\springframework\security\spring-security-crypto\6.2.2\spring-security-crypto-6.2.2.jar;C:\Users\Acer\.m2\repository\org\springframework\spring-aop\6.1.4\spring-aop-6.1.4.jar;C:\Users\Acer\.m2\repository\org\springframework\spring-context\6.1.4\spring-context-6.1.4.jar;C:\Users\Acer\.m2\repository\org\springframework\spring-expression\6.1.4\spring-expression-6.1.4.jar;C:\Users\Acer\.m2\repository\org\apache\poi\poi-ooxml\5.2.5\poi-ooxml-5.2.5.jar;C:\Users\Acer\.m2\repository\org\apache\poi\poi-ooxml-lite\5.2.5\poi-ooxml-lite-5.2.5.jar;C:\Users\Acer\.m2\repository\org\apache\xmlbeans\xmlbeans\5.2.0\xmlbeans-5.2.0.jar;C:\Users\Acer\.m2\repository\org\apache\commons\commons-compress\1.25.0\commons-compress-1.25.0.jar;C:\Users\Acer\.m2\repository\commons-io\commons-io\2.15.0\commons-io-2.15.0.jar;C:\Users\Acer\.m2\repository\com\github\virtuald\curvesapi\1.08\curvesapi-1.08.jar;C:\Users\Acer\.m2\repository\org\apache\logging\log4j\log4j-api\2.21.1\log4j-api-2.21.1.jar;C:\Users\Acer\.m2\repository\org\apache\commons\commons-collections4\4.4\commons-collections4-4.4.jar;C:\Users\Acer\.m2\repository\org\springframework\boot\spring-boot-starter-thymeleaf\3.2.3\spring-boot-starter-thymeleaf-3.2.3.jar;C:\Users\Acer\.m2\repository\org\thymeleaf\thymeleaf-spring6\3.1.2.RELEASE\thymeleaf-spring6-3.1.2.RELEASE.jar;C:\Users\Acer\.m2\repository\org\thymeleaf\thymeleaf\3.1.2.RELEASE\thymeleaf-3.1.2.RELEASE.jar;C:\Users\Acer\.m2\repository\org\attoparser\attoparser\2.0.7.RELEASE\attoparser-2.0.7.RELEASE.jar;C:\Users\Acer\.m2\repository\org\unbescape\unbescape\1.1.6.RELEASE\unbescape-1.1.6.RELEASE.jar;C:\Users\Acer\.m2\repository\org\apache\poi\poi\5.2.5\poi-5.2.5.jar;C:\Users\Acer\.m2\repository\commons-codec\commons-codec\1.16.1\commons-codec-1.16.1.jar;C:\Users\Acer\.m2\repository\org\apache\commons\commons-math3\3.6.1\commons-math3-3.6.1.jar;C:\Users\Acer\.m2\repository\com\zaxxer\SparseBitSet\1.3\SparseBitSet-1.3.jar;C:\Users\Acer\.m2\repository\org\springframework\boot\spring-boot-starter-security\3.2.3\spring-boot-starter-security-3.2.3.jar;C:\Users\Acer\.m2\repository\org\springframework\security\spring-security-config\6.2.2\spring-security-config-6.2.2.jar;C:\Users\Acer\.m2\repository\org\springframework\security\spring-security-web\6.2.2\spring-security-web-6.2.2.jar;C:\Users\Acer\.m2\repository\com\cloudinary\cloudinary-core\1.38.0\cloudinary-core-1.38.0.jar;C:\Users\Acer\.m2\repository\com\cloudinary\cloudinary-http44\1.38.0\cloudinary-http44-1.38.0.jar;C:\Users\Acer\.m2\repository\org\apache\commons\commons-lang3\3.13.0\commons-lang3-3.13.0.jar;C:\Users\Acer\.m2\repository\org\apache\httpcomponents\httpclient\4.4\httpclient-4.4.jar;C:\Users\Acer\.m2\repository\org\apache\httpcomponents\httpcore\4.4.16\httpcore-4.4.16.jar;C:\Users\Acer\.m2\repository\commons-logging\commons-logging\1.2\commons-logging-1.2.jar;C:\Users\Acer\.m2\repository\org\apache\httpcomponents\httpmime\4.4\httpmime-4.4.jar;C:\Users\Acer\.m2\repository\com\microsoft\sqlserver\mssql-jdbc\12.4.2.jre11\mssql-jdbc-12.4.2.jre11.jar;C:\Users\Acer\.m2\repository\org\projectlombok\lombok\1.18.30\lombok-1.18.30.jar;C:\Users\Acer\.m2\repository\org\springframework\boot\spring-boot-starter-mail\3.2.3\spring-boot-starter-mail-3.2.3.jar;C:\Users\Acer\.m2\repository\org\springframework\spring-context-support\6.1.4\spring-context-support-6.1.4.jar;C:\Users\Acer\.m2\repository\org\eclipse\angus\jakarta.mail\2.0.2\jakarta.mail-2.0.2.jar;C:\Users\Acer\.m2\repository\org\eclipse\angus\angus-activation\2.0.1\angus-activation-2.0.1.jar;C:\Users\Acer\.m2\repository\org\springdoc\springdoc-openapi-starter-webmvc-ui\2.0.2\springdoc-openapi-starter-webmvc-ui-2.0.2.jar;C:\Users\Acer\.m2\repository\org\springdoc\springdoc-openapi-starter-webmvc-api\2.0.2\springdoc-openapi-starter-webmvc-api-2.0.2.jar;C:\Users\Acer\.m2\repository\org\springdoc\springdoc-openapi-starter-common\2.0.2\springdoc-openapi-starter-common-2.0.2.jar;C:\Users\Acer\.m2\repository\io\swagger\core\v3\swagger-core-jakarta\2.2.7\swagger-core-jakarta-2.2.7.jar;C:\Users\Acer\.m2\repository\io\swagger\core\v3\swagger-annotations-jakarta\2.2.7\swagger-annotations-jakarta-2.2.7.jar;C:\Users\Acer\.m2\repository\io\swagger\core\v3\swagger-models-jakarta\2.2.7\swagger-models-jakarta-2.2.7.jar;C:\Users\Acer\.m2\repository\com\fasterxml\jackson\dataformat\jackson-dataformat-yaml\2.15.4\jackson-dataformat-yaml-2.15.4.jar;C:\Users\Acer\.m2\repository\org\webjars\swagger-ui\4.15.5\swagger-ui-4.15.5.jar;C:\Users\Acer\.m2\repository\org\webjars\webjars-locator-core\0.55\webjars-locator-core-0.55.jar;C:\Users\Acer\.m2\repository\io\github\classgraph\classgraph\4.8.149\classgraph-4.8.149.jar;C:\Users\Acer\.m2\repository\org\springframework\spring-beans\6.1.4\spring-beans-6.1.4.jar;C:\Users\Acer\.m2\repository\org\springframework\kafka\spring-kafka\3.1.2\spring-kafka-3.1.2.jar;C:\Users\Acer\.m2\repository\org\springframework\spring-messaging\6.1.4\spring-messaging-6.1.4.jar;C:\Users\Acer\.m2\repository\org\springframework\spring-tx\6.1.4\spring-tx-6.1.4.jar;C:\Users\Acer\.m2\repository\org\springframework\retry\spring-retry\2.0.5\spring-retry-2.0.5.jar;C:\Users\Acer\.m2\repository\org\apache\kafka\kafka-clients\3.6.1\kafka-clients-3.6.1.jar;C:\Users\Acer\.m2\repository\com\github\luben\zstd-jni\1.5.5-1\zstd-jni-1.5.5-1.jar;C:\Users\Acer\.m2\repository\org\lz4\lz4-java\1.8.0\lz4-java-1.8.0.jar;C:\Users\Acer\.m2\repository\org\xerial\snappy\snappy-java\1.1.10.5\snappy-java-1.1.10.5.jar;C:\Users\Acer\.m2\repository\com\google\code\findbugs\jsr305\3.0.2\jsr305-3.0.2.jar
Launcher Type: SUN_STANDARD

[Global flags]
     intx CICompilerCount                          = 12                                        {product} {ergonomic}
     uint ConcGCThreads                            = 4                                         {product} {ergonomic}
     uint G1ConcRefinementThreads                  = 15                                        {product} {ergonomic}
   size_t G1HeapRegionSize                         = 2097152                                   {product} {ergonomic}
    uintx GCDrainStackTargetSize                   = 64                                        {product} {ergonomic}
   size_t InitialHeapSize                          = 264241152                                 {product} {ergonomic}
     bool ManagementServer                         = true                                      {product} {command line}
   size_t MarkStackSize                            = 4194304                                   {product} {ergonomic}
   size_t MaxHeapSize                              = 4221566976                                {product} {ergonomic}
   size_t MaxNewSize                               = 2531262464                                {product} {ergonomic}
   size_t MinHeapDeltaBytes                        = 2097152                                   {product} {ergonomic}
   size_t MinHeapSize                              = 8388608                                   {product} {ergonomic}
    uintx NonNMethodCodeHeapSize                   = 4096                                   {pd product} {ergonomic}
    uintx NonProfiledCodeHeapSize                  = 0                                      {pd product} {ergonomic}
     bool ProfileInterpreter                       = false                                  {pd product} {command line}
    uintx ProfiledCodeHeapSize                     = 0                                      {pd product} {ergonomic}
   size_t SoftMaxHeapSize                          = 4221566976                             {manageable} {ergonomic}
     intx TieredStopAtLevel                        = 1                                         {product} {command line}
     bool UseCompressedOops                        = true                           {product lp64_product} {ergonomic}
     bool UseG1GC                                  = true                                      {product} {ergonomic}
     bool UseLargePagesIndividualAllocation        = false                                  {pd product} {ergonomic}

Logging:
Log output configuration:
 #0: stdout all=warning uptime,level,tags foldmultilines=false
 #1: stderr all=off uptime,level,tags foldmultilines=false

Environment Variables:
JAVA_HOME=C:\Program Files\Java\jre-1.8\bin
PATH=C:\Program Files\Common Files\Oracle\Java\javapath;C:\Program Files (x86)\Common Files\Oracle\Java\javapath;C:\Windows\system32;C:\Windows;C:\Windows\System32\Wbem;C:\Windows\System32\WindowsPowerShell\v1.0\;C:\Windows\System32\OpenSSH\;C:\Program Files (x86)\NVIDIA Corporation\PhysX\Common;C:\Program Files\NVIDIA Corporation\NVIDIA NvDLISR;C:\Program Files\Git\cmd;C:\Program Files\Docker\Docker\resources\bin;C:\Program Files (x86)\Microsoft SQL Server\160\Tools\Binn\;C:\Program Files\Microsoft SQL Server\160\Tools\Binn\;C:\Program Files\Microsoft SQL Server\Client SDK\ODBC\170\Tools\Binn\;C:\Program Files\Microsoft SQL Server\160\DTS\Binn\;C:\Users\Acer\AppData\Local\Programs\Python\Launcher\;C:\flutter\bin;C:\Users\Acer\AppData\Local\Programs\Microsoft VS Code\bin
USERNAME=Acer
OS=Windows_NT
PROCESSOR_IDENTIFIER=Intel64 Family 6 Model 191 Stepping 2, GenuineIntel
TMP=C:\Users\Acer\AppData\Local\Temp
TEMP=C:\Users\Acer\AppData\Local\Temp




Periodic native trim disabled

---------------  S Y S T E M  ---------------

OS:
 Windows 11 , 64 bit Build 22621 (10.0.22621.3085)
OS uptime: 0 days 7:55 hours
Hyper-V role detected

CPU: total 20 (initial active 20) (10 cores per cpu, 2 threads per core) family 6 model 191 stepping 2 microcode 0x2c, cx8, cmov, fxsr, ht, mmx, 3dnowpref, sse, sse2, sse3, ssse3, sse4.1, sse4.2, popcnt, lzcnt, tsc, tscinvbit, avx, avx2, aes, erms, clmul, bmi1, bmi2, adx, sha, fma, vzeroupper, clflush, clflushopt, clwb, hv, serialize, rdtscp, rdpid, fsrm, f16c, cet_ibt, cet_ss
Processor Information for processor 0
  Max Mhz: 2500, Current Mhz: 2500, Mhz Limit: 2500
Processor Information for processor 1
  Max Mhz: 2500, Current Mhz: 2500, Mhz Limit: 2500
Processor Information for processor 2
  Max Mhz: 2500, Current Mhz: 2500, Mhz Limit: 2500
Processor Information for processor 3
  Max Mhz: 2500, Current Mhz: 2500, Mhz Limit: 2500
Processor Information for processor 4
  Max Mhz: 2500, Current Mhz: 2500, Mhz Limit: 2500
Processor Information for processor 5
  Max Mhz: 2500, Current Mhz: 2500, Mhz Limit: 2500
Processor Information for processor 6
  Max Mhz: 2500, Current Mhz: 2500, Mhz Limit: 2500
Processor Information for processor 7
  Max Mhz: 2500, Current Mhz: 2500, Mhz Limit: 2500
Processor Information for processor 8
  Max Mhz: 2500, Current Mhz: 2500, Mhz Limit: 2500
Processor Information for processor 9
  Max Mhz: 2500, Current Mhz: 2500, Mhz Limit: 2500
Processor Information for processor 10
  Max Mhz: 2500, Current Mhz: 2500, Mhz Limit: 2500
Processor Information for processor 11
  Max Mhz: 2500, Current Mhz: 2500, Mhz Limit: 2500
Processor Information for processor 12
  Max Mhz: 2500, Current Mhz: 1800, Mhz Limit: 1800
Processor Information for processor 13
  Max Mhz: 2500, Current Mhz: 1800, Mhz Limit: 1800
Processor Information for processor 14
  Max Mhz: 2500, Current Mhz: 1800, Mhz Limit: 1800
Processor Information for processor 15
  Max Mhz: 2500, Current Mhz: 1800, Mhz Limit: 1800
Processor Information for processor 16
  Max Mhz: 2500, Current Mhz: 1800, Mhz Limit: 1800
Processor Information for processor 17
  Max Mhz: 2500, Current Mhz: 1800, Mhz Limit: 1800
Processor Information for processor 18
  Max Mhz: 2500, Current Mhz: 1800, Mhz Limit: 1800
Processor Information for processor 19
  Max Mhz: 2500, Current Mhz: 1800, Mhz Limit: 1800

Memory: 4k page, system-wide physical 16103M (296M free)
TotalPageFile size 35321M (AvailPageFile size 95M)
current process WorkingSet (physical memory assigned to process): 444M, peak: 444M
current process commit charge ("private bytes"): 520M, peak: 898M

vm_info: OpenJDK 64-Bit Server VM (21.0.2+13-58) for windows-amd64 JRE (21.0.2+13-58), built on 2024-01-05T18:32:24Z by "mach5one" with MS VC++ 17.1 (VS2022)

END.
